[2025-05-10 10:02:29.882] [ 17068] [59F8] ===================================
[2025-05-10 10:02:29.882] [ 17068] [59F8] Browser process opened from pid: 9324
[2025-05-10 10:02:29.882] [ 17068] [59F8] Language: en
[2025-05-10 10:02:29.882] [ 17068] [59F8] Connecting to IPC channel: rgsc_ipc_246c_channel_0
[2025-05-10 10:02:29.885] [ 17068] [59F8] Product version: RockstarGames/2.4.0.77/1.0.102.2459/launcher/Steam
[2025-05-10 10:02:29.947] [ 17068] [59F8] OnChannelConnected - rgsc_ipc_246c_channel_0 (remoteProcessId 9324)
[2025-05-10 10:02:31.765] [ 17068] [59F8] Renderer[1][14036] IPC Channel Response: 14036 -> rgsc_ipc_246c_channel_1
[2025-05-10 10:02:31.766] [ 17068] [59F8] Renderer[1][14036] Connecting to IPC channel: rgsc_ipc_246c_channel_1
[2025-05-10 10:02:31.766] [ 17068] [59F8] Renderer[1][14036] OnChannelConnected - rgsc_ipc_246c_channel_1 (remoteProcessId 9324)
[2025-05-10 10:02:34.621] [ 17068] [59F8] Renderer[2][13428] IPC Channel Response: 13428 -> rgsc_ipc_246c_channel_2
[2025-05-10 10:02:34.621] [ 17068] [59F8] Renderer[2][13428] Connecting to IPC channel: rgsc_ipc_246c_channel_2
[2025-05-10 10:02:34.714] [ 17068] [59F8] Renderer[2][13428] OnChannelConnected - rgsc_ipc_246c_channel_2 (remoteProcessId 9324)
[2025-05-10 10:02:36.062] [ 17068] [59F8] Renderer[2][13428] IPC Channel Response: 13428 -> rgsc_ipc_246c_channel_3
[2025-05-10 10:02:36.063] [ 17068] [59F8] Renderer[2][13428] Connecting to IPC channel: rgsc_ipc_246c_channel_3
[2025-05-10 10:02:36.204] [ 17068] [59F8] Renderer[2][13428] OnChannelConnected - rgsc_ipc_246c_channel_3 (remoteProcessId 9324)
[2025-05-10 10:07:02.263] [ 17068] [59F8] Renderer[3][18028] IPC Channel Response: 18028 -> rgsc_ipc_40a0_channel_0
[2025-05-10 10:07:02.265] [ 17068] [59F8] Renderer[3][18028] Connecting to IPC channel: rgsc_ipc_40a0_channel_0
[2025-05-10 10:07:02.309] [ 17068] [59F8] Renderer[3][18028] OnChannelConnected - rgsc_ipc_40a0_channel_0 (remoteProcessId 16544)
[2025-05-10 10:47:17.547] [ 17068] [59F8] OnChannelError() - rgsc_ipc_246c_channel_0
[2025-05-10 10:47:17.548] [ 17068] [59F8] Shutdown requested
[2025-05-10 10:47:22.554] [ 17068] [59F8] Timed out waiting for windows to close on shutdown
[2025-05-10 10:47:22.570] [ 17068] [59F8] MainMessageLoopInternalPump - Preparing to shutdown
[2025-05-10 10:47:25.747] [ 17068] [59F8] MainMessageLoopInternalPump - Shutdown
[2025-05-10 12:30:36.163] [ 13036] [5608] ===================================
[2025-05-10 12:30:36.163] [ 13036] [5608] Browser process opened from pid: 10260
[2025-05-10 12:30:36.164] [ 13036] [5608] Language: en
[2025-05-10 12:30:36.164] [ 13036] [5608] Connecting to IPC channel: rgsc_ipc_2814_channel_0
[2025-05-10 12:30:36.167] [ 13036] [5608] Product version: RockstarGames/2.4.0.77/1.0.102.2459/launcher/PC
[2025-05-10 12:30:36.264] [ 13036] [5608] OnChannelConnected - rgsc_ipc_2814_channel_0 (remoteProcessId 10260)
[2025-05-10 12:30:38.470] [ 13036] [5608] Renderer[1][5864] IPC Channel Response: 5864 -> rgsc_ipc_2814_channel_1
[2025-05-10 12:30:38.470] [ 13036] [5608] Renderer[1][5864] Connecting to IPC channel: rgsc_ipc_2814_channel_1
[2025-05-10 12:30:38.497] [ 13036] [5608] Renderer[1][5864] OnChannelConnected - rgsc_ipc_2814_channel_1 (remoteProcessId 10260)
[2025-05-10 12:30:41.006] [ 13036] [5608] Renderer[2][16960] IPC Channel Response: 16960 -> rgsc_ipc_2814_channel_2
[2025-05-10 12:30:41.006] [ 13036] [5608] Renderer[2][16960] Connecting to IPC channel: rgsc_ipc_2814_channel_2
[2025-05-10 12:30:41.700] [ 13036] [5608] Renderer[2][16960] OnChannelConnected - rgsc_ipc_2814_channel_2 (remoteProcessId 10260)
[2025-05-10 12:30:42.233] [ 13036] [5608] Renderer[2][16960] IPC Channel Response: 16960 -> rgsc_ipc_2814_channel_3
[2025-05-10 12:30:42.233] [ 13036] [5608] Renderer[2][16960] Connecting to IPC channel: rgsc_ipc_2814_channel_3
[2025-05-10 12:30:42.273] [ 13036] [5608] Renderer[2][16960] OnChannelConnected - rgsc_ipc_2814_channel_3 (remoteProcessId 10260)
[2025-05-10 12:34:04.658] [ 13036] [5608] Renderer[2][16960] IPC Channel Response: 16960 -> rgsc_ipc_2814_channel_4
[2025-05-10 12:34:04.659] [ 13036] [5608] Renderer[2][16960] Connecting to IPC channel: rgsc_ipc_2814_channel_4
[2025-05-10 12:34:04.996] [ 13036] [5608] Renderer[2][16960] OnChannelConnected - rgsc_ipc_2814_channel_4 (remoteProcessId 10260)
[2025-05-10 12:34:18.195] [ 13036] [5608] Renderer[2][16960] IPC Channel Response: 16960 -> rgsc_ipc_2814_channel_5
[2025-05-10 12:34:18.196] [ 13036] [5608] Renderer[2][16960] Connecting to IPC channel: rgsc_ipc_2814_channel_5
[2025-05-10 12:34:18.561] [ 13036] [5608] Renderer[2][16960] OnChannelConnected - rgsc_ipc_2814_channel_5 (remoteProcessId 10260)
[2025-05-10 12:35:07.831] [ 13036] [5608] Renderer[3][17376] IPC Channel Response: 17376 -> rgsc_ipc_258_channel_0
[2025-05-10 12:35:07.834] [ 13036] [5608] Renderer[3][17376] Connecting to IPC channel: rgsc_ipc_258_channel_0
[2025-05-10 12:35:07.862] [ 13036] [5608] Renderer[3][17376] OnChannelConnected - rgsc_ipc_258_channel_0 (remoteProcessId 600)
[2025-05-10 12:37:05.270] [ 13036] [5608] OnChannelError() - rgsc_ipc_2814_channel_0
[2025-05-10 12:37:05.270] [ 13036] [5608] Shutdown requested
[2025-05-10 12:37:10.276] [ 13036] [5608] Timed out waiting for windows to close on shutdown
[2025-05-10 12:37:10.292] [ 13036] [5608] MainMessageLoopInternalPump - Preparing to shutdown
[2025-05-10 12:37:10.656] [ 18760] [5D98] ===================================
[2025-05-10 12:37:10.656] [ 18760] [5D98] Browser process opened from pid: 1900
[2025-05-10 12:37:10.657] [ 18760] [5D98] Language: en
[2025-05-10 12:37:10.657] [ 18760] [5D98] Connecting to IPC channel: rgsc_ipc_76c_channel_0
[2025-05-10 12:37:10.658] [ 18760] [5D98] Product version: RockstarGames/2.4.0.77/1.0.102.2459/launcher/Steam
[2025-05-10 12:37:10.716] [ 18760] [5D98] OnChannelConnected - rgsc_ipc_76c_channel_0 (remoteProcessId 1900)
[2025-05-10 12:37:13.467] [ 13036] [5608] MainMessageLoopInternalPump - Shutdown
[2025-05-10 12:37:14.288] [ 18760] [5D98] Renderer[1][10544] IPC Channel Response: 10544 -> rgsc_ipc_76c_channel_1
[2025-05-10 12:37:14.288] [ 18760] [5D98] Renderer[1][10544] Connecting to IPC channel: rgsc_ipc_76c_channel_1
[2025-05-10 12:37:14.365] [ 18760] [5D98] Renderer[1][10544] OnChannelConnected - rgsc_ipc_76c_channel_1 (remoteProcessId 1900)
[2025-05-10 12:37:17.635] [ 18760] [5D98] Renderer[2][24700] IPC Channel Response: 24700 -> rgsc_ipc_76c_channel_2
[2025-05-10 12:37:17.635] [ 18760] [5D98] Renderer[2][24700] Connecting to IPC channel: rgsc_ipc_76c_channel_2
[2025-05-10 12:37:17.697] [ 18760] [5D98] Renderer[2][24700] OnChannelConnected - rgsc_ipc_76c_channel_2 (remoteProcessId 1900)
[2025-05-10 12:37:19.048] [ 18760] [5D98] Renderer[2][24700] IPC Channel Response: 24700 -> rgsc_ipc_76c_channel_3
[2025-05-10 12:37:19.049] [ 18760] [5D98] Renderer[2][24700] Connecting to IPC channel: rgsc_ipc_76c_channel_3
[2025-05-10 12:37:19.049] [ 18760] [5D98] Renderer[2][24700] IPC Channel Response: 24700 -> rgsc_ipc_76c_channel_3
[2025-05-10 12:37:19.210] [ 18760] [5D98] Renderer[2][24700] OnChannelConnected - rgsc_ipc_76c_channel_3 (remoteProcessId 1900)
[2025-05-10 12:38:15.508] [ 18760] [5D98] Renderer[3][22468] IPC Channel Response: 22468 -> rgsc_ipc_5ae0_channel_0
[2025-05-10 12:38:15.509] [ 18760] [5D98] Renderer[3][22468] Connecting to IPC channel: rgsc_ipc_5ae0_channel_0
[2025-05-10 12:38:15.556] [ 18760] [5D98] Renderer[3][22468] OnChannelConnected - rgsc_ipc_5ae0_channel_0 (remoteProcessId 23264)
[2025-05-10 13:43:59.226] [ 18760] [5D98] OnChannelError() - rgsc_ipc_76c_channel_0
[2025-05-10 13:43:59.236] [ 18760] [5D98] Shutdown requested
[2025-05-10 13:44:04.243] [ 18760] [5D98] Timed out waiting for windows to close on shutdown
[2025-05-10 13:44:04.259] [ 18760] [5D98] MainMessageLoopInternalPump - Preparing to shutdown
[2025-05-10 13:44:07.465] [ 18760] [5D98] MainMessageLoopInternalPump - Shutdown
[2025-05-11 09:50:12.149] [ 16304] [17FC] ===================================
[2025-05-11 09:50:12.149] [ 16304] [17FC] Browser process opened from pid: 18944
[2025-05-11 09:50:12.151] [ 16304] [17FC] Language: en
[2025-05-11 09:50:12.152] [ 16304] [17FC] Connecting to IPC channel: rgsc_ipc_4a00_channel_0
[2025-05-11 09:50:12.153] [ 16304] [17FC] Product version: RockstarGames/2.4.0.77/1.0.102.2459/launcher/Steam
[2025-05-11 09:50:12.214] [ 16304] [17FC] OnChannelConnected - rgsc_ipc_4a00_channel_0 (remoteProcessId 18944)
[2025-05-11 09:50:13.891] [ 16304] [17FC] Renderer[1][16140] IPC Channel Response: 16140 -> rgsc_ipc_4a00_channel_1
[2025-05-11 09:50:13.891] [ 16304] [17FC] Renderer[1][16140] Connecting to IPC channel: rgsc_ipc_4a00_channel_1
[2025-05-11 09:50:13.954] [ 16304] [17FC] Renderer[1][16140] OnChannelConnected - rgsc_ipc_4a00_channel_1 (remoteProcessId 18944)
[2025-05-11 09:50:16.356] [ 16304] [17FC] Renderer[2][4464] IPC Channel Response: 4464 -> rgsc_ipc_4a00_channel_2
[2025-05-11 09:50:16.357] [ 16304] [17FC] Renderer[2][4464] Connecting to IPC channel: rgsc_ipc_4a00_channel_2
[2025-05-11 09:50:16.507] [ 16304] [17FC] Renderer[2][4464] OnChannelConnected - rgsc_ipc_4a00_channel_2 (remoteProcessId 18944)
[2025-05-11 09:50:17.829] [ 16304] [17FC] Renderer[2][4464] IPC Channel Response: 4464 -> rgsc_ipc_4a00_channel_3
[2025-05-11 09:50:17.830] [ 16304] [17FC] Renderer[2][4464] Connecting to IPC channel: rgsc_ipc_4a00_channel_3
[2025-05-11 09:50:17.985] [ 16304] [17FC] Renderer[2][4464] OnChannelConnected - rgsc_ipc_4a00_channel_3 (remoteProcessId 18944)
[2025-05-11 09:51:13.969] [ 16304] [17FC] Renderer[3][22596] IPC Channel Response: 22596 -> rgsc_ipc_31e4_channel_0
[2025-05-11 09:51:13.970] [ 16304] [17FC] Renderer[3][22596] Connecting to IPC channel: rgsc_ipc_31e4_channel_0
[2025-05-11 09:51:13.971] [ 16304] [17FC] Renderer[3][22596] OnChannelConnected - rgsc_ipc_31e4_channel_0 (remoteProcessId 12772)
[2025-05-11 11:17:32.325] [ 16304] [17FC] OnChannelError() - rgsc_ipc_4a00_channel_0
[2025-05-11 11:17:32.327] [ 16304] [17FC] Shutdown requested
[2025-05-11 11:17:37.328] [ 16304] [17FC] Timed out waiting for windows to close on shutdown
[2025-05-11 11:17:37.348] [ 16304] [17FC] MainMessageLoopInternalPump - Preparing to shutdown
[2025-05-11 11:17:40.937] [ 16304] [17FC] MainMessageLoopInternalPump - Shutdown
[2025-05-11 12:28:47.966] [ 14356] [516C] ===================================
[2025-05-11 12:28:47.967] [ 14356] [516C] Browser process opened from pid: 12900
[2025-05-11 12:28:47.967] [ 14356] [516C] Language: en
[2025-05-11 12:28:47.968] [ 14356] [516C] Connecting to IPC channel: rgsc_ipc_3264_channel_0
[2025-05-11 12:28:47.969] [ 14356] [516C] Product version: RockstarGames/2.4.0.77/1.0.102.2459/launcher/Steam
[2025-05-11 12:28:48.032] [ 14356] [516C] OnChannelConnected - rgsc_ipc_3264_channel_0 (remoteProcessId 12900)
[2025-05-11 12:28:49.927] [ 14356] [516C] Renderer[1][23288] IPC Channel Response: 23288 -> rgsc_ipc_3264_channel_1
[2025-05-11 12:28:49.927] [ 14356] [516C] Renderer[1][23288] Connecting to IPC channel: rgsc_ipc_3264_channel_1
[2025-05-11 12:28:50.158] [ 14356] [516C] Renderer[1][23288] OnChannelConnected - rgsc_ipc_3264_channel_1 (remoteProcessId 12900)
[2025-05-11 12:28:52.006] [ 14356] [516C] Renderer[2][22640] IPC Channel Response: 22640 -> rgsc_ipc_3264_channel_2
[2025-05-11 12:28:52.007] [ 14356] [516C] Renderer[2][22640] Connecting to IPC channel: rgsc_ipc_3264_channel_2
[2025-05-11 12:28:52.008] [ 14356] [516C] Renderer[2][22640] OnChannelConnected - rgsc_ipc_3264_channel_2 (remoteProcessId 12900)
[2025-05-11 12:28:53.325] [ 14356] [516C] Renderer[2][22640] IPC Channel Response: 22640 -> rgsc_ipc_3264_channel_3
[2025-05-11 12:28:53.326] [ 14356] [516C] Renderer[2][22640] Connecting to IPC channel: rgsc_ipc_3264_channel_3
[2025-05-11 12:28:53.326] [ 14356] [516C] Renderer[2][22640] IPC Channel Response: 22640 -> rgsc_ipc_3264_channel_3
[2025-05-11 12:28:53.349] [ 14356] [516C] Renderer[2][22640] OnChannelConnected - rgsc_ipc_3264_channel_3 (remoteProcessId 12900)
[2025-05-11 12:29:54.250] [ 14356] [516C] Renderer[3][6260] IPC Channel Response: 6260 -> rgsc_ipc_31bc_channel_0
[2025-05-11 12:29:54.254] [ 14356] [516C] Renderer[3][6260] Connecting to IPC channel: rgsc_ipc_31bc_channel_0
[2025-05-11 12:29:54.314] [ 14356] [516C] Renderer[3][6260] OnChannelConnected - rgsc_ipc_31bc_channel_0 (remoteProcessId 12732)
[2025-05-11 13:22:08.745] [ 14356] [516C] OnChannelError() - rgsc_ipc_3264_channel_0
[2025-05-11 13:22:08.747] [ 14356] [516C] Shutdown requested
[2025-05-11 13:22:13.753] [ 14356] [516C] Timed out waiting for windows to close on shutdown
[2025-05-11 13:22:13.770] [ 14356] [516C] MainMessageLoopInternalPump - Preparing to shutdown
[2025-05-11 13:22:17.282] [ 14356] [516C] MainMessageLoopInternalPump - Shutdown
[2025-05-11 21:46:32.164] [  3004] [5288] ===================================
[2025-05-11 21:46:32.166] [  3004] [5288] Browser process opened from pid: 10424
[2025-05-11 21:46:32.166] [  3004] [5288] Language: en
[2025-05-11 21:46:32.167] [  3004] [5288] Connecting to IPC channel: rgsc_ipc_28b8_channel_0
[2025-05-11 21:46:32.168] [  3004] [5288] Product version: RockstarGames/2.4.0.77/1.0.102.2459/launcher/Steam
[2025-05-11 21:46:32.233] [  3004] [5288] OnChannelConnected - rgsc_ipc_28b8_channel_0 (remoteProcessId 10424)
[2025-05-11 21:46:35.501] [  3004] [5288] Renderer[1][21584] IPC Channel Response: 21584 -> rgsc_ipc_28b8_channel_1
[2025-05-11 21:46:35.501] [  3004] [5288] Renderer[1][21584] Connecting to IPC channel: rgsc_ipc_28b8_channel_1
[2025-05-11 21:46:35.760] [  3004] [5288] Renderer[1][21584] OnChannelConnected - rgsc_ipc_28b8_channel_1 (remoteProcessId 10424)
[2025-05-11 21:46:37.872] [  3004] [5288] Renderer[2][20348] IPC Channel Response: 20348 -> rgsc_ipc_28b8_channel_2
[2025-05-11 21:46:37.872] [  3004] [5288] Renderer[2][20348] Connecting to IPC channel: rgsc_ipc_28b8_channel_2
[2025-05-11 21:46:38.607] [  3004] [5288] Renderer[2][20348] OnChannelConnected - rgsc_ipc_28b8_channel_2 (remoteProcessId 10424)
[2025-05-11 21:46:39.111] [  3004] [5288] Renderer[2][20348] IPC Channel Response: 20348 -> rgsc_ipc_28b8_channel_3
[2025-05-11 21:46:39.112] [  3004] [5288] Renderer[2][20348] Connecting to IPC channel: rgsc_ipc_28b8_channel_3
[2025-05-11 21:46:39.396] [  3004] [5288] Renderer[2][20348] OnChannelConnected - rgsc_ipc_28b8_channel_3 (remoteProcessId 10424)
[2025-05-11 21:47:39.435] [  3004] [5288] Renderer[3][15016] IPC Channel Response: 15016 -> rgsc_ipc_3804_channel_0
[2025-05-11 21:47:39.437] [  3004] [5288] Renderer[3][15016] Connecting to IPC channel: rgsc_ipc_3804_channel_0
[2025-05-11 21:47:39.481] [  3004] [5288] Renderer[3][15016] OnChannelConnected - rgsc_ipc_3804_channel_0 (remoteProcessId 14340)
[2025-05-11 22:17:33.099] [  3004] [5288] OnChannelError() - rgsc_ipc_28b8_channel_0
[2025-05-11 22:17:33.101] [  3004] [5288] Shutdown requested
[2025-05-11 22:17:38.115] [  3004] [5288] Timed out waiting for windows to close on shutdown
[2025-05-11 22:17:38.131] [  3004] [5288] MainMessageLoopInternalPump - Preparing to shutdown
[2025-05-11 22:17:41.417] [  3004] [5288] MainMessageLoopInternalPump - Shutdown
[2025-05-12 08:38:46.196] [ 13132] [18CC] ===================================
[2025-05-12 08:38:46.196] [ 13132] [18CC] Browser process opened from pid: 21324
[2025-05-12 08:38:46.196] [ 13132] [18CC] Language: en
[2025-05-12 08:38:46.197] [ 13132] [18CC] Connecting to IPC channel: rgsc_ipc_534c_channel_0
[2025-05-12 08:38:46.197] [ 13132] [18CC] Product version: RockstarGames/2.4.0.77/1.0.102.2459/launcher/Steam
[2025-05-12 08:38:46.248] [ 13132] [18CC] OnChannelConnected - rgsc_ipc_534c_channel_0 (remoteProcessId 21324)
[2025-05-12 08:38:47.804] [ 13132] [18CC] Renderer[1][1080] IPC Channel Response: 1080 -> rgsc_ipc_534c_channel_1
[2025-05-12 08:38:47.804] [ 13132] [18CC] Renderer[1][1080] Connecting to IPC channel: rgsc_ipc_534c_channel_1
[2025-05-12 08:38:47.961] [ 13132] [18CC] Renderer[1][1080] OnChannelConnected - rgsc_ipc_534c_channel_1 (remoteProcessId 21324)
[2025-05-12 08:38:49.746] [ 13132] [18CC] Renderer[2][19492] IPC Channel Response: 19492 -> rgsc_ipc_534c_channel_2
[2025-05-12 08:38:49.747] [ 13132] [18CC] Renderer[2][19492] Connecting to IPC channel: rgsc_ipc_534c_channel_2
[2025-05-12 08:38:49.760] [ 13132] [18CC] Renderer[2][19492] OnChannelConnected - rgsc_ipc_534c_channel_2 (remoteProcessId 21324)
[2025-05-12 08:38:50.911] [ 13132] [18CC] Renderer[2][19492] IPC Channel Response: 19492 -> rgsc_ipc_534c_channel_3
[2025-05-12 08:38:50.911] [ 13132] [18CC] Renderer[2][19492] Connecting to IPC channel: rgsc_ipc_534c_channel_3
[2025-05-12 08:38:51.040] [ 13132] [18CC] Renderer[2][19492] OnChannelConnected - rgsc_ipc_534c_channel_3 (remoteProcessId 21324)
[2025-05-12 08:39:54.401] [ 13132] [18CC] Renderer[3][7624] IPC Channel Response: 7624 -> rgsc_ipc_4968_channel_0
[2025-05-12 08:39:54.403] [ 13132] [18CC] Renderer[3][7624] Connecting to IPC channel: rgsc_ipc_4968_channel_0
[2025-05-12 08:39:54.417] [ 13132] [18CC] Renderer[3][7624] OnChannelConnected - rgsc_ipc_4968_channel_0 (remoteProcessId 18792)
[2025-05-12 10:00:11.966] [ 13132] [18CC] OnChannelError() - rgsc_ipc_534c_channel_0
[2025-05-12 10:00:11.969] [ 13132] [18CC] Shutdown requested
[2025-05-12 10:00:16.975] [ 13132] [18CC] Timed out waiting for windows to close on shutdown
[2025-05-12 10:00:16.991] [ 13132] [18CC] MainMessageLoopInternalPump - Preparing to shutdown
[2025-05-12 10:00:20.306] [ 13132] [18CC] MainMessageLoopInternalPump - Shutdown
[2025-05-12 13:16:34.504] [ 11208] [ EF0] ===================================
[2025-05-12 13:16:34.504] [ 11208] [ EF0] Browser process opened from pid: 14832
[2025-05-12 13:16:34.505] [ 11208] [ EF0] Language: en
[2025-05-12 13:16:34.506] [ 11208] [ EF0] Connecting to IPC channel: rgsc_ipc_39f0_channel_0
[2025-05-12 13:16:34.507] [ 11208] [ EF0] Product version: RockstarGames/2.4.0.77/1.0.102.2459/launcher/Steam
[2025-05-12 13:16:34.571] [ 11208] [ EF0] OnChannelConnected - rgsc_ipc_39f0_channel_0 (remoteProcessId 14832)
[2025-05-12 13:16:36.380] [ 11208] [ EF0] Renderer[1][9684] IPC Channel Response: 9684 -> rgsc_ipc_39f0_channel_1
[2025-05-12 13:16:36.380] [ 11208] [ EF0] Renderer[1][9684] Connecting to IPC channel: rgsc_ipc_39f0_channel_1
[2025-05-12 13:16:36.645] [ 11208] [ EF0] Renderer[1][9684] OnChannelConnected - rgsc_ipc_39f0_channel_1 (remoteProcessId 14832)
[2025-05-12 13:16:38.594] [ 11208] [ EF0] Renderer[2][24148] IPC Channel Response: 24148 -> rgsc_ipc_39f0_channel_2
[2025-05-12 13:16:38.595] [ 11208] [ EF0] Renderer[2][24148] Connecting to IPC channel: rgsc_ipc_39f0_channel_2
[2025-05-12 13:16:39.307] [ 11208] [ EF0] Renderer[2][24148] OnChannelConnected - rgsc_ipc_39f0_channel_2 (remoteProcessId 14832)
[2025-05-12 13:16:39.867] [ 11208] [ EF0] Renderer[2][24148] IPC Channel Response: 24148 -> rgsc_ipc_39f0_channel_3
[2025-05-12 13:16:39.869] [ 11208] [ EF0] Renderer[2][24148] Connecting to IPC channel: rgsc_ipc_39f0_channel_3
[2025-05-12 13:16:40.293] [ 11208] [ EF0] Renderer[2][24148] OnChannelConnected - rgsc_ipc_39f0_channel_3 (remoteProcessId 14832)
[2025-05-12 13:17:39.020] [ 11208] [ EF0] Renderer[3][3432] IPC Channel Response: 3432 -> rgsc_ipc_32b4_channel_0
[2025-05-12 13:17:39.021] [ 11208] [ EF0] Renderer[3][3432] Connecting to IPC channel: rgsc_ipc_32b4_channel_0
[2025-05-12 13:17:39.035] [ 11208] [ EF0] Renderer[3][3432] OnChannelConnected - rgsc_ipc_32b4_channel_0 (remoteProcessId 12980)
[2025-05-12 13:49:28.911] [ 11208] [ EF0] Renderer[3][3432] OnChannelError() - rgsc_ipc_32b4_channel_0
[2025-05-12 13:49:38.061] [ 11208] [ EF0] OnChannelError() - rgsc_ipc_39f0_channel_0
[2025-05-12 13:49:38.061] [ 11208] [ EF0] Shutdown requested
[2025-05-12 13:49:43.074] [ 11208] [ EF0] Timed out waiting for windows to close on shutdown
[2025-05-12 13:49:43.086] [ 11208] [ EF0] MainMessageLoopInternalPump - Preparing to shutdown
[2025-05-12 13:49:46.655] [ 11208] [ EF0] MainMessageLoopInternalPump - Shutdown
[2025-06-01 13:23:50.459] [  1860] [3114] ===================================
[2025-06-01 13:23:50.460] [  1860] [3114] Browser process opened from pid: 22912
[2025-06-01 13:23:50.460] [  1860] [3114] Language: en
[2025-06-01 13:23:50.461] [  1860] [3114] Connecting to IPC channel: rgsc_ipc_5980_channel_0
[2025-06-01 13:23:50.463] [  1860] [3114] Product version: RockstarGames/2.4.0.77/1.0.102.2459/launcher/Steam
[2025-06-01 13:23:50.531] [  1860] [3114] OnChannelConnected - rgsc_ipc_5980_channel_0 (remoteProcessId 22912)
[2025-06-01 13:23:52.758] [  1860] [3114] Renderer[1][17632] IPC Channel Response: 17632 -> rgsc_ipc_5980_channel_1
[2025-06-01 13:23:52.758] [  1860] [3114] Renderer[1][17632] Connecting to IPC channel: rgsc_ipc_5980_channel_1
[2025-06-01 13:23:52.835] [  1860] [3114] Renderer[1][17632] OnChannelConnected - rgsc_ipc_5980_channel_1 (remoteProcessId 22912)
[2025-06-01 13:23:55.699] [  1860] [3114] Renderer[2][21760] IPC Channel Response: 21760 -> rgsc_ipc_5980_channel_2
[2025-06-01 13:23:55.700] [  1860] [3114] Renderer[2][21760] Connecting to IPC channel: rgsc_ipc_5980_channel_2
[2025-06-01 13:23:55.758] [  1860] [3114] Renderer[2][21760] OnChannelConnected - rgsc_ipc_5980_channel_2 (remoteProcessId 22912)
[2025-06-01 13:23:57.120] [  1860] [3114] Renderer[2][21760] IPC Channel Response: 21760 -> rgsc_ipc_5980_channel_3
[2025-06-01 13:23:57.121] [  1860] [3114] Renderer[2][21760] Connecting to IPC channel: rgsc_ipc_5980_channel_3
[2025-06-01 13:23:57.275] [  1860] [3114] Renderer[2][21760] OnChannelConnected - rgsc_ipc_5980_channel_3 (remoteProcessId 22912)
[2025-06-01 13:25:15.085] [  1860] [3114] Renderer[3][26736] IPC Channel Response: 26736 -> rgsc_ipc_7200_channel_0
[2025-06-01 13:25:15.086] [  1860] [3114] Renderer[3][26736] Connecting to IPC channel: rgsc_ipc_7200_channel_0
[2025-06-01 13:25:15.161] [  1860] [3114] Renderer[3][26736] OnChannelConnected - rgsc_ipc_7200_channel_0 (remoteProcessId 29184)
[2025-06-01 14:31:16.795] [  1860] [3114] Renderer[3][26736] OnChannelError() - rgsc_ipc_7200_channel_0
[2025-06-01 14:31:33.102] [  1860] [3114] OnChannelError() - rgsc_ipc_5980_channel_0
[2025-06-01 14:31:33.103] [  1860] [3114] Shutdown requested
[2025-06-01 14:31:38.123] [  1860] [3114] Timed out waiting for windows to close on shutdown
[2025-06-01 14:31:38.151] [  1860] [3114] MainMessageLoopInternalPump - Preparing to shutdown
[2025-06-01 14:31:42.663] [  1860] [3114] MainMessageLoopInternalPump - Shutdown
[2025-06-01 15:27:07.498] [  3504] [11E8] ===================================
[2025-06-01 15:27:07.498] [  3504] [11E8] Browser process opened from pid: 3096
[2025-06-01 15:27:07.498] [  3504] [11E8] Language: en
[2025-06-01 15:27:07.498] [  3504] [11E8] Connecting to IPC channel: rgsc_ipc_c18_channel_0
[2025-06-01 15:27:07.499] [  3504] [11E8] Product version: RockstarGames/2.4.0.77/1.0.102.2459/launcher/Steam
[2025-06-01 15:27:07.538] [  3504] [11E8] OnChannelConnected - rgsc_ipc_c18_channel_0 (remoteProcessId 3096)
[2025-06-01 15:27:09.240] [  3504] [11E8] Renderer[1][28580] IPC Channel Response: 28580 -> rgsc_ipc_c18_channel_1
[2025-06-01 15:27:09.240] [  3504] [11E8] Renderer[1][28580] Connecting to IPC channel: rgsc_ipc_c18_channel_1
[2025-06-01 15:27:09.286] [  3504] [11E8] Renderer[1][28580] OnChannelConnected - rgsc_ipc_c18_channel_1 (remoteProcessId 3096)
[2025-06-01 15:27:11.245] [  3504] [11E8] Renderer[2][23856] IPC Channel Response: 23856 -> rgsc_ipc_c18_channel_2
[2025-06-01 15:27:11.246] [  3504] [11E8] Renderer[2][23856] Connecting to IPC channel: rgsc_ipc_c18_channel_2
[2025-06-01 15:27:11.679] [  3504] [11E8] Renderer[2][23856] OnChannelConnected - rgsc_ipc_c18_channel_2 (remoteProcessId 3096)
[2025-06-01 15:27:12.282] [  3504] [11E8] Renderer[2][23856] IPC Channel Response: 23856 -> rgsc_ipc_c18_channel_3
[2025-06-01 15:27:12.283] [  3504] [11E8] Renderer[2][23856] Connecting to IPC channel: rgsc_ipc_c18_channel_3
[2025-06-01 15:27:12.530] [  3504] [11E8] Renderer[2][23856] OnChannelConnected - rgsc_ipc_c18_channel_3 (remoteProcessId 3096)
[2025-06-01 15:28:17.463] [  3504] [11E8] Renderer[3][20040] IPC Channel Response: 20040 -> rgsc_ipc_1bc_channel_0
[2025-06-01 15:28:17.463] [  3504] [11E8] Renderer[3][20040] Connecting to IPC channel: rgsc_ipc_1bc_channel_0
[2025-06-01 15:28:17.556] [  3504] [11E8] Renderer[3][20040] OnChannelConnected - rgsc_ipc_1bc_channel_0 (remoteProcessId 444)
[2025-06-01 16:17:24.886] [  3504] [11E8] Renderer[3][20040] OnChannelError() - rgsc_ipc_1bc_channel_0
[2025-06-01 16:17:37.837] [  3504] [11E8] OnChannelError() - rgsc_ipc_c18_channel_0
[2025-06-01 16:17:37.837] [  3504] [11E8] Shutdown requested
[2025-06-01 16:17:42.850] [  3504] [11E8] Timed out waiting for windows to close on shutdown
[2025-06-01 16:17:42.870] [  3504] [11E8] MainMessageLoopInternalPump - Preparing to shutdown
[2025-06-01 16:17:46.319] [  3504] [11E8] MainMessageLoopInternalPump - Shutdown
[2025-06-05 10:36:58.575] [ 28516] [4390] ===================================
[2025-06-05 10:36:58.576] [ 28516] [4390] Browser process opened from pid: 27380
[2025-06-05 10:36:58.577] [ 28516] [4390] Language: en
[2025-06-05 10:36:58.577] [ 28516] [4390] Connecting to IPC channel: rgsc_ipc_6af4_channel_0
[2025-06-05 10:36:58.579] [ 28516] [4390] Product version: RockstarGames/2.4.0.77/1.0.102.2459/launcher/Steam
[2025-06-05 10:36:58.649] [ 28516] [4390] OnChannelConnected - rgsc_ipc_6af4_channel_0 (remoteProcessId 27380)
[2025-06-05 10:37:00.711] [ 28516] [4390] Renderer[1][29976] IPC Channel Response: 29976 -> rgsc_ipc_6af4_channel_1
[2025-06-05 10:37:00.711] [ 28516] [4390] Renderer[1][29976] Connecting to IPC channel: rgsc_ipc_6af4_channel_1
[2025-06-05 10:37:00.773] [ 28516] [4390] Renderer[1][29976] OnChannelConnected - rgsc_ipc_6af4_channel_1 (remoteProcessId 27380)
[2025-06-05 10:37:04.041] [ 28516] [4390] Renderer[2][28180] IPC Channel Response: 28180 -> rgsc_ipc_6af4_channel_2
[2025-06-05 10:37:04.042] [ 28516] [4390] Renderer[2][28180] Connecting to IPC channel: rgsc_ipc_6af4_channel_2
[2025-06-05 10:37:04.159] [ 28516] [4390] Renderer[2][28180] OnChannelConnected - rgsc_ipc_6af4_channel_2 (remoteProcessId 27380)
[2025-06-05 10:37:05.482] [ 28516] [4390] Renderer[2][28180] IPC Channel Response: 28180 -> rgsc_ipc_6af4_channel_3
[2025-06-05 10:37:05.482] [ 28516] [4390] Renderer[2][28180] Connecting to IPC channel: rgsc_ipc_6af4_channel_3
[2025-06-05 10:37:05.483] [ 28516] [4390] Renderer[2][28180] IPC Channel Response: 28180 -> rgsc_ipc_6af4_channel_3
[2025-06-05 10:37:05.658] [ 28516] [4390] Renderer[2][28180] OnChannelConnected - rgsc_ipc_6af4_channel_3 (remoteProcessId 27380)
[2025-06-05 10:38:12.688] [ 28516] [4390] Renderer[3][16312] IPC Channel Response: 16312 -> rgsc_ipc_67f0_channel_0
[2025-06-05 10:38:12.689] [ 28516] [4390] Renderer[3][16312] Connecting to IPC channel: rgsc_ipc_67f0_channel_0
[2025-06-05 10:38:12.689] [ 28516] [4390] Renderer[3][16312] OnChannelConnected - rgsc_ipc_67f0_channel_0 (remoteProcessId 26608)
[2025-06-05 13:28:17.869] [ 28516] [4390] Renderer[3][16312] OnChannelError() - rgsc_ipc_67f0_channel_0
[2025-06-05 13:28:29.361] [ 28516] [4390] OnChannelError() - rgsc_ipc_6af4_channel_0
[2025-06-05 13:28:29.362] [ 28516] [4390] Shutdown requested
[2025-06-05 13:28:34.506] [ 28516] [4390] Timed out waiting for windows to close on shutdown
[2025-06-05 13:28:34.649] [ 28516] [4390] MainMessageLoopInternalPump - Preparing to shutdown
[2025-06-05 13:28:38.315] [ 28516] [4390] MainMessageLoopInternalPump - Shutdown
[2025-06-05 22:45:51.779] [ 28472] [6DA4] ===================================
[2025-06-05 22:45:51.780] [ 28472] [6DA4] Browser process opened from pid: 34408
[2025-06-05 22:45:51.781] [ 28472] [6DA4] Language: en
[2025-06-05 22:45:51.781] [ 28472] [6DA4] Connecting to IPC channel: rgsc_ipc_8668_channel_0
[2025-06-05 22:45:51.784] [ 28472] [6DA4] Product version: RockstarGames/2.4.0.77/1.0.102.2459/launcher/Steam
[2025-06-05 22:45:51.846] [ 28472] [6DA4] OnChannelConnected - rgsc_ipc_8668_channel_0 (remoteProcessId 34408)
[2025-06-05 22:45:53.786] [ 28472] [6DA4] Renderer[1][25428] IPC Channel Response: 25428 -> rgsc_ipc_8668_channel_1
[2025-06-05 22:45:53.786] [ 28472] [6DA4] Renderer[1][25428] Connecting to IPC channel: rgsc_ipc_8668_channel_1
[2025-06-05 22:45:53.848] [ 28472] [6DA4] Renderer[1][25428] OnChannelConnected - rgsc_ipc_8668_channel_1 (remoteProcessId 34408)
[2025-06-05 22:45:56.531] [ 28472] [6DA4] Renderer[2][33916] IPC Channel Response: 33916 -> rgsc_ipc_8668_channel_2
[2025-06-05 22:45:56.531] [ 28472] [6DA4] Renderer[2][33916] Connecting to IPC channel: rgsc_ipc_8668_channel_2
[2025-06-05 22:45:57.184] [ 28472] [6DA4] Renderer[2][33916] OnChannelConnected - rgsc_ipc_8668_channel_2 (remoteProcessId 34408)
[2025-06-05 22:45:57.691] [ 28472] [6DA4] Renderer[2][33916] IPC Channel Response: 33916 -> rgsc_ipc_8668_channel_3
[2025-06-05 22:45:57.691] [ 28472] [6DA4] Renderer[2][33916] Connecting to IPC channel: rgsc_ipc_8668_channel_3
[2025-06-05 22:45:57.957] [ 28472] [6DA4] Renderer[2][33916] OnChannelConnected - rgsc_ipc_8668_channel_3 (remoteProcessId 34408)
[2025-06-05 22:47:01.387] [ 28472] [6DA4] Renderer[3][17220] IPC Channel Response: 17220 -> rgsc_ipc_304c_channel_0
[2025-06-05 22:47:01.388] [ 28472] [6DA4] Renderer[3][17220] Connecting to IPC channel: rgsc_ipc_304c_channel_0
[2025-06-05 22:47:01.493] [ 28472] [6DA4] Renderer[3][17220] OnChannelConnected - rgsc_ipc_304c_channel_0 (remoteProcessId 12364)
[2025-06-05 23:12:37.571] [ 28472] [6DA4] OnChannelError() - rgsc_ipc_8668_channel_0
[2025-06-05 23:12:37.573] [ 28472] [6DA4] Shutdown requested
[2025-06-05 23:12:42.586] [ 28472] [6DA4] Timed out waiting for windows to close on shutdown
[2025-06-05 23:12:42.606] [ 28472] [6DA4] MainMessageLoopInternalPump - Preparing to shutdown
[2025-06-05 23:12:46.379] [ 28472] [6DA4] MainMessageLoopInternalPump - Shutdown
[2025-06-06 06:47:53.866] [  7336] [4710] ===================================
[2025-06-06 06:47:53.866] [  7336] [4710] Browser process opened from pid: 14740
[2025-06-06 06:47:53.866] [  7336] [4710] Language: en
[2025-06-06 06:47:53.867] [  7336] [4710] Connecting to IPC channel: rgsc_ipc_3994_channel_0
[2025-06-06 06:47:53.867] [  7336] [4710] Product version: RockstarGames/2.4.0.77/1.0.102.2459/launcher/Steam
[2025-06-06 06:47:53.906] [  7336] [4710] OnChannelConnected - rgsc_ipc_3994_channel_0 (remoteProcessId 14740)
[2025-06-06 06:47:55.556] [  7336] [4710] Renderer[1][30716] IPC Channel Response: 30716 -> rgsc_ipc_3994_channel_1
[2025-06-06 06:47:55.556] [  7336] [4710] Renderer[1][30716] Connecting to IPC channel: rgsc_ipc_3994_channel_1
[2025-06-06 06:47:55.572] [  7336] [4710] Renderer[1][30716] OnChannelConnected - rgsc_ipc_3994_channel_1 (remoteProcessId 14740)
[2025-06-06 06:47:57.502] [  7336] [4710] Renderer[2][17824] IPC Channel Response: 17824 -> rgsc_ipc_3994_channel_2
[2025-06-06 06:47:57.503] [  7336] [4710] Renderer[2][17824] Connecting to IPC channel: rgsc_ipc_3994_channel_2
[2025-06-06 06:47:57.872] [  7336] [4710] Renderer[2][17824] OnChannelConnected - rgsc_ipc_3994_channel_2 (remoteProcessId 14740)
[2025-06-06 06:47:58.356] [  7336] [4710] Renderer[2][17824] IPC Channel Response: 17824 -> rgsc_ipc_3994_channel_3
[2025-06-06 06:47:58.356] [  7336] [4710] Renderer[2][17824] Connecting to IPC channel: rgsc_ipc_3994_channel_3
[2025-06-06 06:47:58.356] [  7336] [4710] Renderer[2][17824] IPC Channel Response: 17824 -> rgsc_ipc_3994_channel_3
[2025-06-06 06:47:58.584] [  7336] [4710] Renderer[2][17824] OnChannelConnected - rgsc_ipc_3994_channel_3 (remoteProcessId 14740)
[2025-06-06 06:49:11.082] [  7336] [4710] Renderer[3][29732] IPC Channel Response: 29732 -> rgsc_ipc_3730_channel_0
[2025-06-06 06:49:11.082] [  7336] [4710] Renderer[3][29732] Connecting to IPC channel: rgsc_ipc_3730_channel_0
[2025-06-06 06:49:11.174] [  7336] [4710] Renderer[3][29732] OnChannelConnected - rgsc_ipc_3730_channel_0 (remoteProcessId 14128)
[2025-06-06 08:17:12.709] [  7336] [4710] OnChannelError() - rgsc_ipc_3994_channel_0
[2025-06-06 08:17:12.710] [  7336] [4710] Shutdown requested
[2025-06-06 08:17:17.718] [  7336] [4710] Timed out waiting for windows to close on shutdown
[2025-06-06 08:17:17.739] [  7336] [4710] MainMessageLoopInternalPump - Preparing to shutdown
[2025-06-06 08:17:21.098] [  7336] [4710] MainMessageLoopInternalPump - Shutdown
[2025-06-06 09:34:51.784] [  3000] [428C] ===================================
[2025-06-06 09:34:51.785] [  3000] [428C] Browser process opened from pid: 14000
[2025-06-06 09:34:51.785] [  3000] [428C] Language: en
[2025-06-06 09:34:51.785] [  3000] [428C] Connecting to IPC channel: rgsc_ipc_36b0_channel_0
[2025-06-06 09:34:51.788] [  3000] [428C] Product version: RockstarGames/2.4.0.77/1.0.102.2459/launcher/Steam
[2025-06-06 09:34:51.851] [  3000] [428C] OnChannelConnected - rgsc_ipc_36b0_channel_0 (remoteProcessId 14000)
[2025-06-06 09:34:53.454] [  3000] [428C] Renderer[1][29068] IPC Channel Response: 29068 -> rgsc_ipc_36b0_channel_1
[2025-06-06 09:34:53.454] [  3000] [428C] Renderer[1][29068] Connecting to IPC channel: rgsc_ipc_36b0_channel_1
[2025-06-06 09:34:53.565] [  3000] [428C] Renderer[1][29068] OnChannelConnected - rgsc_ipc_36b0_channel_1 (remoteProcessId 14000)
[2025-06-06 09:34:55.583] [  3000] [428C] Renderer[2][6704] IPC Channel Response: 6704 -> rgsc_ipc_36b0_channel_2
[2025-06-06 09:34:55.584] [  3000] [428C] Renderer[2][6704] Connecting to IPC channel: rgsc_ipc_36b0_channel_2
[2025-06-06 09:34:55.618] [  3000] [428C] Renderer[2][6704] OnChannelConnected - rgsc_ipc_36b0_channel_2 (remoteProcessId 14000)
[2025-06-06 09:34:57.067] [  3000] [428C] Renderer[2][6704] IPC Channel Response: 6704 -> rgsc_ipc_36b0_channel_3
[2025-06-06 09:34:57.068] [  3000] [428C] Renderer[2][6704] Connecting to IPC channel: rgsc_ipc_36b0_channel_3
[2025-06-06 09:34:57.227] [  3000] [428C] Renderer[2][6704] OnChannelConnected - rgsc_ipc_36b0_channel_3 (remoteProcessId 14000)
[2025-06-06 09:35:52.177] [  3000] [428C] Renderer[3][33052] IPC Channel Response: 33052 -> rgsc_ipc_5ed0_channel_0
[2025-06-06 09:35:52.183] [  3000] [428C] Renderer[3][33052] Connecting to IPC channel: rgsc_ipc_5ed0_channel_0
[2025-06-06 09:35:52.208] [  3000] [428C] Renderer[3][33052] OnChannelConnected - rgsc_ipc_5ed0_channel_0 (remoteProcessId 24272)
[2025-06-06 10:15:55.026] [  3000] [428C] Renderer[3][33052] OnChannelError() - rgsc_ipc_5ed0_channel_0
[2025-06-06 10:16:02.830] [  3000] [428C] OnChannelError() - rgsc_ipc_36b0_channel_0
[2025-06-06 10:16:02.831] [  3000] [428C] Shutdown requested
[2025-06-06 10:16:07.832] [  3000] [428C] Timed out waiting for windows to close on shutdown
[2025-06-06 10:16:07.848] [  3000] [428C] MainMessageLoopInternalPump - Preparing to shutdown
[2025-06-06 10:16:11.020] [  3000] [428C] MainMessageLoopInternalPump - Shutdown
[2025-06-06 12:19:31.067] [ 23344] [7D0C] ===================================
[2025-06-06 12:19:31.068] [ 23344] [7D0C] Browser process opened from pid: 29328
[2025-06-06 12:19:31.068] [ 23344] [7D0C] Language: en
[2025-06-06 12:19:31.069] [ 23344] [7D0C] Connecting to IPC channel: rgsc_ipc_7290_channel_0
[2025-06-06 12:19:31.071] [ 23344] [7D0C] Product version: RockstarGames/2.4.0.77/1.0.102.2459/launcher/Steam
[2025-06-06 12:19:31.179] [ 23344] [7D0C] OnChannelConnected - rgsc_ipc_7290_channel_0 (remoteProcessId 29328)
[2025-06-06 12:19:33.753] [ 23344] [7D0C] Renderer[1][33572] IPC Channel Response: 33572 -> rgsc_ipc_7290_channel_1
[2025-06-06 12:19:33.754] [ 23344] [7D0C] Renderer[1][33572] Connecting to IPC channel: rgsc_ipc_7290_channel_1
[2025-06-06 12:19:33.769] [ 23344] [7D0C] Renderer[1][33572] OnChannelConnected - rgsc_ipc_7290_channel_1 (remoteProcessId 29328)
[2025-06-06 12:19:35.755] [ 23344] [7D0C] Renderer[2][12560] IPC Channel Response: 12560 -> rgsc_ipc_7290_channel_2
[2025-06-06 12:19:35.755] [ 23344] [7D0C] Renderer[2][12560] Connecting to IPC channel: rgsc_ipc_7290_channel_2
[2025-06-06 12:19:36.524] [ 23344] [7D0C] Renderer[2][12560] OnChannelConnected - rgsc_ipc_7290_channel_2 (remoteProcessId 29328)
[2025-06-06 12:19:37.060] [ 23344] [7D0C] Renderer[2][12560] IPC Channel Response: 12560 -> rgsc_ipc_7290_channel_3
[2025-06-06 12:19:37.061] [ 23344] [7D0C] Renderer[2][12560] Connecting to IPC channel: rgsc_ipc_7290_channel_3
[2025-06-06 12:19:37.413] [ 23344] [7D0C] Renderer[2][12560] OnChannelConnected - rgsc_ipc_7290_channel_3 (remoteProcessId 29328)
[2025-06-06 12:20:38.340] [ 23344] [7D0C] Renderer[3][18960] IPC Channel Response: 18960 -> rgsc_ipc_573c_channel_0
[2025-06-06 12:20:38.341] [ 23344] [7D0C] Renderer[3][18960] Connecting to IPC channel: rgsc_ipc_573c_channel_0
[2025-06-06 12:20:38.370] [ 23344] [7D0C] Renderer[3][18960] OnChannelConnected - rgsc_ipc_573c_channel_0 (remoteProcessId 22332)
[2025-06-06 13:33:12.357] [ 23344] [7D0C] Renderer[3][18960] OnChannelError() - rgsc_ipc_573c_channel_0
[2025-06-06 13:33:27.964] [ 23344] [7D0C] OnChannelError() - rgsc_ipc_7290_channel_0
[2025-06-06 13:33:27.965] [ 23344] [7D0C] Shutdown requested
[2025-06-06 22:25:34.068] [ 16484] [616C] ===================================
[2025-06-06 22:25:34.070] [ 16484] [616C] Browser process opened from pid: 13332
[2025-06-06 22:25:34.070] [ 16484] [616C] Language: en
[2025-06-06 22:25:34.071] [ 16484] [616C] Connecting to IPC channel: rgsc_ipc_3414_channel_0
[2025-06-06 22:25:34.072] [ 16484] [616C] Product version: RockstarGames/2.4.0.77/1.0.102.2459/launcher/Steam
[2025-06-06 22:25:34.139] [ 16484] [616C] OnChannelConnected - rgsc_ipc_3414_channel_0 (remoteProcessId 13332)
[2025-06-06 22:25:35.924] [ 16484] [616C] Renderer[1][14092] IPC Channel Response: 14092 -> rgsc_ipc_3414_channel_1
[2025-06-06 22:25:35.925] [ 16484] [616C] Renderer[1][14092] Connecting to IPC channel: rgsc_ipc_3414_channel_1
[2025-06-06 22:25:36.125] [ 16484] [616C] Renderer[1][14092] OnChannelConnected - rgsc_ipc_3414_channel_1 (remoteProcessId 13332)
[2025-06-06 22:25:38.525] [ 16484] [616C] Renderer[2][32308] IPC Channel Response: 32308 -> rgsc_ipc_3414_channel_2
[2025-06-06 22:25:38.527] [ 16484] [616C] Renderer[2][32308] Connecting to IPC channel: rgsc_ipc_3414_channel_2
[2025-06-06 22:25:39.375] [ 16484] [616C] Renderer[2][32308] OnChannelConnected - rgsc_ipc_3414_channel_2 (remoteProcessId 13332)
[2025-06-06 22:25:39.924] [ 16484] [616C] Renderer[2][32308] IPC Channel Response: 32308 -> rgsc_ipc_3414_channel_3
[2025-06-06 22:25:39.926] [ 16484] [616C] Renderer[2][32308] Connecting to IPC channel: rgsc_ipc_3414_channel_3
[2025-06-06 22:25:40.239] [ 16484] [616C] Renderer[2][32308] OnChannelConnected - rgsc_ipc_3414_channel_3 (remoteProcessId 13332)
[2025-06-06 22:26:45.835] [ 16484] [616C] Renderer[3][19304] IPC Channel Response: 19304 -> rgsc_ipc_55d4_channel_0
[2025-06-06 22:26:45.836] [ 16484] [616C] Renderer[3][19304] Connecting to IPC channel: rgsc_ipc_55d4_channel_0
[2025-06-06 22:26:45.867] [ 16484] [616C] Renderer[3][19304] OnChannelConnected - rgsc_ipc_55d4_channel_0 (remoteProcessId 21972)
[2025-06-06 23:01:32.777] [ 16484] [616C] Renderer[3][19304] OnChannelError() - rgsc_ipc_55d4_channel_0
[2025-06-06 23:01:51.851] [ 16484] [616C] OnChannelError() - rgsc_ipc_3414_channel_0
[2025-06-06 23:01:51.851] [ 16484] [616C] Shutdown requested
[2025-06-07 12:01:50.555] [ 26916] [3108] ===================================
[2025-06-07 12:01:50.555] [ 26916] [3108] Browser process opened from pid: 31552
[2025-06-07 12:01:50.555] [ 26916] [3108] Language: en
[2025-06-07 12:01:50.556] [ 26916] [3108] Connecting to IPC channel: rgsc_ipc_7b40_channel_0
[2025-06-07 12:01:50.558] [ 26916] [3108] Product version: RockstarGames/2.4.0.77/1.0.102.2459/launcher/Steam
[2025-06-07 12:01:50.627] [ 26916] [3108] OnChannelConnected - rgsc_ipc_7b40_channel_0 (remoteProcessId 31552)
[2025-06-07 12:01:53.113] [ 26916] [3108] Renderer[1][32016] IPC Channel Response: 32016 -> rgsc_ipc_7b40_channel_1
[2025-06-07 12:01:53.113] [ 26916] [3108] Renderer[1][32016] Connecting to IPC channel: rgsc_ipc_7b40_channel_1
[2025-06-07 12:01:53.132] [ 26916] [3108] Renderer[1][32016] OnChannelConnected - rgsc_ipc_7b40_channel_1 (remoteProcessId 31552)
[2025-06-07 12:01:55.388] [ 26916] [3108] Renderer[2][10632] IPC Channel Response: 10632 -> rgsc_ipc_7b40_channel_2
[2025-06-07 12:01:55.388] [ 26916] [3108] Renderer[2][10632] Connecting to IPC channel: rgsc_ipc_7b40_channel_2
[2025-06-07 12:01:55.413] [ 26916] [3108] Renderer[2][10632] OnChannelConnected - rgsc_ipc_7b40_channel_2 (remoteProcessId 31552)
[2025-06-07 12:01:56.772] [ 26916] [3108] Renderer[2][10632] IPC Channel Response: 10632 -> rgsc_ipc_7b40_channel_3
[2025-06-07 12:01:56.773] [ 26916] [3108] Renderer[2][10632] Connecting to IPC channel: rgsc_ipc_7b40_channel_3
[2025-06-07 12:01:56.896] [ 26916] [3108] Renderer[2][10632] OnChannelConnected - rgsc_ipc_7b40_channel_3 (remoteProcessId 31552)
[2025-06-07 12:02:56.175] [ 26916] [3108] Renderer[3][7204] IPC Channel Response: 7204 -> rgsc_ipc_3ee0_channel_0
[2025-06-07 12:02:56.176] [ 26916] [3108] Renderer[3][7204] Connecting to IPC channel: rgsc_ipc_3ee0_channel_0
[2025-06-07 12:02:56.178] [ 26916] [3108] Renderer[3][7204] OnChannelConnected - rgsc_ipc_3ee0_channel_0 (remoteProcessId 16096)
[2025-06-07 13:14:39.809] [ 26916] [3108] OnChannelError() - rgsc_ipc_7b40_channel_0
[2025-06-07 13:14:39.810] [ 26916] [3108] Shutdown requested
[2025-06-07 13:14:44.816] [ 26916] [3108] Timed out waiting for windows to close on shutdown
[2025-06-07 13:14:44.832] [ 26916] [3108] MainMessageLoopInternalPump - Preparing to shutdown
[2025-06-07 13:14:48.337] [ 26916] [3108] MainMessageLoopInternalPump - Shutdown
[2025-06-08 13:02:07.653] [ 24744] [3F80] ===================================
[2025-06-08 13:02:07.654] [ 24744] [3F80] Browser process opened from pid: 21228
[2025-06-08 13:02:07.655] [ 24744] [3F80] Language: en
[2025-06-08 13:02:07.655] [ 24744] [3F80] Connecting to IPC channel: rgsc_ipc_52ec_channel_0
[2025-06-08 13:02:07.656] [ 24744] [3F80] Product version: RockstarGames/2.4.0.77/1.0.102.2459/launcher/Steam
[2025-06-08 13:02:07.731] [ 24744] [3F80] OnChannelConnected - rgsc_ipc_52ec_channel_0 (remoteProcessId 21228)
[2025-06-08 13:02:09.552] [ 24744] [3F80] Renderer[1][9092] IPC Channel Response: 9092 -> rgsc_ipc_52ec_channel_1
[2025-06-08 13:02:09.553] [ 24744] [3F80] Renderer[1][9092] Connecting to IPC channel: rgsc_ipc_52ec_channel_1
[2025-06-08 13:02:09.553] [ 24744] [3F80] Renderer[1][9092] OnChannelConnected - rgsc_ipc_52ec_channel_1 (remoteProcessId 21228)
[2025-06-08 13:02:11.695] [ 24744] [3F80] Renderer[2][25984] IPC Channel Response: 25984 -> rgsc_ipc_52ec_channel_2
[2025-06-08 13:02:11.695] [ 24744] [3F80] Renderer[2][25984] Connecting to IPC channel: rgsc_ipc_52ec_channel_2
[2025-06-08 13:02:12.290] [ 24744] [3F80] Renderer[2][25984] OnChannelConnected - rgsc_ipc_52ec_channel_2 (remoteProcessId 21228)
[2025-06-08 13:02:12.905] [ 24744] [3F80] Renderer[2][25984] IPC Channel Response: 25984 -> rgsc_ipc_52ec_channel_3
[2025-06-08 13:02:12.906] [ 24744] [3F80] Renderer[2][25984] Connecting to IPC channel: rgsc_ipc_52ec_channel_3
[2025-06-08 13:02:12.906] [ 24744] [3F80] Renderer[2][25984] OnChannelConnected - rgsc_ipc_52ec_channel_3 (remoteProcessId 21228)
[2025-06-08 13:03:14.378] [ 24744] [3F80] Renderer[3][22352] IPC Channel Response: 22352 -> rgsc_ipc_4730_channel_0
[2025-06-08 13:03:14.379] [ 24744] [3F80] Renderer[3][22352] Connecting to IPC channel: rgsc_ipc_4730_channel_0
[2025-06-08 13:03:14.394] [ 24744] [3F80] Renderer[3][22352] OnChannelConnected - rgsc_ipc_4730_channel_0 (remoteProcessId 18224)
[2025-06-08 14:19:57.606] [ 24744] [3F80] OnChannelError() - rgsc_ipc_52ec_channel_0
[2025-06-08 14:19:57.613] [ 24744] [3F80] Shutdown requested
[2025-06-08 14:20:02.626] [ 24744] [3F80] Timed out waiting for windows to close on shutdown
[2025-06-08 14:20:02.642] [ 24744] [3F80] MainMessageLoopInternalPump - Preparing to shutdown
[2025-06-12 22:12:19.717] [ 18580] [4F4C] ===================================
[2025-06-12 22:12:19.718] [ 18580] [4F4C] Browser process opened from pid: 13184
[2025-06-12 22:12:19.718] [ 18580] [4F4C] Language: en
[2025-06-12 22:12:19.719] [ 18580] [4F4C] Connecting to IPC channel: rgsc_ipc_3380_channel_0
[2025-06-12 22:12:19.720] [ 18580] [4F4C] Product version: RockstarGames/2.4.0.77/1.0.102.2459/launcher/Steam
[2025-06-12 22:12:19.783] [ 18580] [4F4C] OnChannelConnected - rgsc_ipc_3380_channel_0 (remoteProcessId 13184)
[2025-06-12 22:12:21.463] [ 18580] [4F4C] Renderer[1][24444] IPC Channel Response: 24444 -> rgsc_ipc_3380_channel_1
[2025-06-12 22:12:21.464] [ 18580] [4F4C] Renderer[1][24444] Connecting to IPC channel: rgsc_ipc_3380_channel_1
[2025-06-12 22:12:21.635] [ 18580] [4F4C] Renderer[1][24444] OnChannelConnected - rgsc_ipc_3380_channel_1 (remoteProcessId 13184)
[2025-06-12 22:12:23.420] [ 18580] [4F4C] Renderer[2][21716] IPC Channel Response: 21716 -> rgsc_ipc_3380_channel_2
[2025-06-12 22:12:23.421] [ 18580] [4F4C] Renderer[2][21716] Connecting to IPC channel: rgsc_ipc_3380_channel_2
[2025-06-12 22:12:23.471] [ 18580] [4F4C] Renderer[2][21716] OnChannelConnected - rgsc_ipc_3380_channel_2 (remoteProcessId 13184)
[2025-06-12 22:12:24.858] [ 18580] [4F4C] Renderer[2][21716] IPC Channel Response: 21716 -> rgsc_ipc_3380_channel_3
[2025-06-12 22:12:24.860] [ 18580] [4F4C] Renderer[2][21716] Connecting to IPC channel: rgsc_ipc_3380_channel_3
[2025-06-12 22:12:25.017] [ 18580] [4F4C] Renderer[2][21716] OnChannelConnected - rgsc_ipc_3380_channel_3 (remoteProcessId 13184)
[2025-06-12 22:13:30.699] [ 18580] [4F4C] Renderer[3][19592] IPC Channel Response: 19592 -> rgsc_ipc_5e0c_channel_0
[2025-06-12 22:13:30.701] [ 18580] [4F4C] Renderer[3][19592] Connecting to IPC channel: rgsc_ipc_5e0c_channel_0
[2025-06-12 22:13:30.701] [ 18580] [4F4C] Renderer[3][19592] OnChannelConnected - rgsc_ipc_5e0c_channel_0 (remoteProcessId 24076)
[2025-06-12 23:02:30.908] [ 18580] [4F4C] OnChannelError() - rgsc_ipc_3380_channel_0
[2025-06-12 23:02:30.909] [ 18580] [4F4C] Shutdown requested
[2025-06-14 13:34:05.500] [ 12512] [5100] ===================================
[2025-06-14 13:34:05.500] [ 12512] [5100] Browser process opened from pid: 18968
[2025-06-14 13:34:05.501] [ 12512] [5100] Language: en
[2025-06-14 13:34:05.502] [ 12512] [5100] Connecting to IPC channel: rgsc_ipc_4a18_channel_0
[2025-06-14 13:34:05.503] [ 12512] [5100] Product version: RockstarGames/2.4.0.77/1.0.102.2459/launcher/Steam
[2025-06-14 13:34:05.578] [ 12512] [5100] OnChannelConnected - rgsc_ipc_4a18_channel_0 (remoteProcessId 18968)
[2025-06-14 13:34:07.382] [ 12512] [5100] Renderer[1][12216] IPC Channel Response: 12216 -> rgsc_ipc_4a18_channel_1
[2025-06-14 13:34:07.382] [ 12512] [5100] Renderer[1][12216] Connecting to IPC channel: rgsc_ipc_4a18_channel_1
[2025-06-14 13:34:07.568] [ 12512] [5100] Renderer[1][12216] OnChannelConnected - rgsc_ipc_4a18_channel_1 (remoteProcessId 18968)
[2025-06-14 13:34:09.700] [ 12512] [5100] Renderer[2][24860] IPC Channel Response: 24860 -> rgsc_ipc_4a18_channel_2
[2025-06-14 13:34:09.701] [ 12512] [5100] Renderer[2][24860] Connecting to IPC channel: rgsc_ipc_4a18_channel_2
[2025-06-14 13:34:09.702] [ 12512] [5100] Renderer[2][24860] OnChannelConnected - rgsc_ipc_4a18_channel_2 (remoteProcessId 18968)
[2025-06-14 13:34:10.957] [ 12512] [5100] Renderer[2][24860] IPC Channel Response: 24860 -> rgsc_ipc_4a18_channel_3
[2025-06-14 13:34:10.958] [ 12512] [5100] Renderer[2][24860] Connecting to IPC channel: rgsc_ipc_4a18_channel_3
[2025-06-14 13:34:10.959] [ 12512] [5100] Renderer[2][24860] IPC Channel Response: 24860 -> rgsc_ipc_4a18_channel_3
[2025-06-14 13:34:11.117] [ 12512] [5100] Renderer[2][24860] OnChannelConnected - rgsc_ipc_4a18_channel_3 (remoteProcessId 18968)
[2025-06-14 13:35:25.425] [ 12512] [5100] Renderer[3][26800] IPC Channel Response: 26800 -> rgsc_ipc_5a9c_channel_0
[2025-06-14 13:35:25.426] [ 12512] [5100] Renderer[3][26800] Connecting to IPC channel: rgsc_ipc_5a9c_channel_0
[2025-06-14 13:35:25.502] [ 12512] [5100] Renderer[3][26800] OnChannelConnected - rgsc_ipc_5a9c_channel_0 (remoteProcessId 23196)
[2025-06-14 15:22:50.452] [ 12512] [5100] OnChannelError() - rgsc_ipc_4a18_channel_0
[2025-06-14 15:22:50.460] [ 12512] [5100] Shutdown requested
[2025-06-15 10:16:57.588] [ 24748] [47D0] ===================================
[2025-06-15 10:16:57.589] [ 24748] [47D0] Browser process opened from pid: 3480
[2025-06-15 10:16:57.590] [ 24748] [47D0] Language: en
[2025-06-15 10:16:57.590] [ 24748] [47D0] Connecting to IPC channel: rgsc_ipc_d98_channel_0
[2025-06-15 10:16:57.591] [ 24748] [47D0] Product version: RockstarGames/2.4.0.77/1.0.102.2459/launcher/Steam
[2025-06-15 10:16:57.656] [ 24748] [47D0] OnChannelConnected - rgsc_ipc_d98_channel_0 (remoteProcessId 3480)
[2025-06-15 10:16:59.430] [ 24748] [47D0] Renderer[1][22012] IPC Channel Response: 22012 -> rgsc_ipc_d98_channel_1
[2025-06-15 10:16:59.431] [ 24748] [47D0] Renderer[1][22012] Connecting to IPC channel: rgsc_ipc_d98_channel_1
[2025-06-15 10:16:59.643] [ 24748] [47D0] Renderer[1][22012] OnChannelConnected - rgsc_ipc_d98_channel_1 (remoteProcessId 3480)
[2025-06-15 10:17:01.722] [ 24748] [47D0] Renderer[2][18868] IPC Channel Response: 18868 -> rgsc_ipc_d98_channel_2
[2025-06-15 10:17:01.723] [ 24748] [47D0] Renderer[2][18868] Connecting to IPC channel: rgsc_ipc_d98_channel_2
[2025-06-15 10:17:02.460] [ 24748] [47D0] Renderer[2][18868] OnChannelConnected - rgsc_ipc_d98_channel_2 (remoteProcessId 3480)
[2025-06-15 10:17:02.962] [ 24748] [47D0] Renderer[2][18868] IPC Channel Response: 18868 -> rgsc_ipc_d98_channel_3
[2025-06-15 10:17:02.963] [ 24748] [47D0] Renderer[2][18868] Connecting to IPC channel: rgsc_ipc_d98_channel_3
[2025-06-15 10:17:03.295] [ 24748] [47D0] Renderer[2][18868] OnChannelConnected - rgsc_ipc_d98_channel_3 (remoteProcessId 3480)
[2025-06-15 10:18:08.772] [ 24748] [47D0] Renderer[3][19144] IPC Channel Response: 19144 -> rgsc_ipc_193c_channel_0
[2025-06-15 10:18:08.773] [ 24748] [47D0] Renderer[3][19144] Connecting to IPC channel: rgsc_ipc_193c_channel_0
[2025-06-15 10:18:08.788] [ 24748] [47D0] Renderer[3][19144] OnChannelConnected - rgsc_ipc_193c_channel_0 (remoteProcessId 6460)
[2025-06-15 10:59:29.207] [ 24748] [47D0] OnChannelError() - rgsc_ipc_d98_channel_0
[2025-06-15 10:59:29.209] [ 24748] [47D0] Shutdown requested
[2025-06-15 10:59:34.220] [ 24748] [47D0] Timed out waiting for windows to close on shutdown
[2025-06-15 10:59:34.236] [ 24748] [47D0] MainMessageLoopInternalPump - Preparing to shutdown
[2025-06-15 10:59:37.392] [ 24748] [47D0] MainMessageLoopInternalPump - Shutdown
[2025-06-15 18:31:01.949] [ 13624] [5620] ===================================
[2025-06-15 18:31:01.950] [ 13624] [5620] Browser process opened from pid: 15228
[2025-06-15 18:31:01.951] [ 13624] [5620] Language: en
[2025-06-15 18:31:01.952] [ 13624] [5620] Connecting to IPC channel: rgsc_ipc_3b7c_channel_0
[2025-06-15 18:31:01.953] [ 13624] [5620] Product version: RockstarGames/2.4.0.77/1.0.102.2459/launcher/Steam
[2025-06-15 18:31:02.014] [ 13624] [5620] OnChannelConnected - rgsc_ipc_3b7c_channel_0 (remoteProcessId 15228)
[2025-06-15 18:31:03.759] [ 13624] [5620] Renderer[1][9396] IPC Channel Response: 9396 -> rgsc_ipc_3b7c_channel_1
[2025-06-15 18:31:03.760] [ 13624] [5620] Renderer[1][9396] Connecting to IPC channel: rgsc_ipc_3b7c_channel_1
[2025-06-15 18:31:04.006] [ 13624] [5620] Renderer[1][9396] OnChannelConnected - rgsc_ipc_3b7c_channel_1 (remoteProcessId 15228)
[2025-06-15 18:31:09.391] [ 13624] [5620] Renderer[2][420] IPC Channel Response: 420 -> rgsc_ipc_3b7c_channel_2
[2025-06-15 18:31:09.392] [ 13624] [5620] Renderer[2][420] Connecting to IPC channel: rgsc_ipc_3b7c_channel_2
[2025-06-15 18:31:09.427] [ 13624] [5620] Renderer[2][420] OnChannelConnected - rgsc_ipc_3b7c_channel_2 (remoteProcessId 15228)
[2025-06-15 18:31:10.597] [ 13624] [5620] Renderer[2][420] IPC Channel Response: 420 -> rgsc_ipc_3b7c_channel_3
[2025-06-15 18:31:10.598] [ 13624] [5620] Renderer[2][420] Connecting to IPC channel: rgsc_ipc_3b7c_channel_3
[2025-06-15 18:31:10.877] [ 13624] [5620] Renderer[2][420] OnChannelConnected - rgsc_ipc_3b7c_channel_3 (remoteProcessId 15228)
[2025-06-15 18:32:10.261] [ 13624] [5620] Renderer[3][15012] IPC Channel Response: 15012 -> rgsc_ipc_67a8_channel_0
[2025-06-15 18:32:10.264] [ 13624] [5620] Renderer[3][15012] Connecting to IPC channel: rgsc_ipc_67a8_channel_0
[2025-06-15 18:32:10.356] [ 13624] [5620] Renderer[3][15012] OnChannelConnected - rgsc_ipc_67a8_channel_0 (remoteProcessId 26536)
[2025-06-15 19:01:16.637] [ 13624] [5620] OnChannelError() - rgsc_ipc_3b7c_channel_0
[2025-06-15 19:01:16.640] [ 13624] [5620] Shutdown requested
[2025-06-15 19:01:21.647] [ 13624] [5620] Timed out waiting for windows to close on shutdown
[2025-06-15 19:01:21.666] [ 13624] [5620] MainMessageLoopInternalPump - Preparing to shutdown
[2025-06-15 19:01:24.764] [ 13624] [5620] MainMessageLoopInternalPump - Shutdown
[2026-03-18 08:39:36.337] [  6356] [6EA4] ===================================
[2026-03-18 08:39:36.338] [  6356] [6EA4] Browser process opened from pid: 28528
[2026-03-18 08:39:36.338] [  6356] [6EA4] Language: en
[2026-03-18 08:39:36.339] [  6356] [6EA4] Connecting to IPC channel: rgsc_ipc_6f70_channel_0
[2026-03-18 08:39:36.339] [  6356] [6EA4] Product version: RockstarGames/2.4.0.146/1.0.105.2733/launcher/Steam
[2026-03-18 08:39:36.392] [  6356] [6EA4] OnChannelConnected - rgsc_ipc_6f70_channel_0 (remoteProcessId 28528)
[2026-03-18 08:39:38.538] [  6356] [6EA4] Renderer[1][22252] IPC Channel Response: 22252 -> rgsc_ipc_6f70_channel_1
[2026-03-18 08:39:38.541] [  6356] [6EA4] Renderer[1][22252] Connecting to IPC channel: rgsc_ipc_6f70_channel_1
[2026-03-18 08:39:38.542] [  6356] [6EA4] Renderer[1][22252] OnChannelConnected - rgsc_ipc_6f70_channel_1 (remoteProcessId 28528)
[2026-03-18 08:39:41.942] [  6356] [6EA4] Renderer[2][7544] IPC Channel Response: 7544 -> rgsc_ipc_6f70_channel_2
[2026-03-18 08:39:41.944] [  6356] [6EA4] Renderer[2][7544] Connecting to IPC channel: rgsc_ipc_6f70_channel_2
[2026-03-18 08:39:42.036] [  6356] [6EA4] Renderer[2][7544] OnChannelConnected - rgsc_ipc_6f70_channel_2 (remoteProcessId 28528)
[2026-03-18 08:44:31.452] [  6356] [6EA4] OnChannelError() - rgsc_ipc_6f70_channel_0
[2026-03-18 08:44:31.452] [  6356] [6EA4] Shutdown requested
[2026-03-18 08:44:36.464] [  6356] [6EA4] Timed out waiting for windows to close on shutdown
[2026-03-18 08:44:36.481] [  6356] [6EA4] MainMessageLoopInternalPump - Preparing to shutdown
[2026-03-18 08:44:40.176] [  6356] [6EA4] MainMessageLoopInternalPump - Shutdown
[2026-03-18 11:30:35.822] [  5356] [749C] ===================================
[2026-03-18 11:30:35.823] [  5356] [749C] Browser process opened from pid: 19504
[2026-03-18 11:30:35.823] [  5356] [749C] Language: en
[2026-03-18 11:30:35.824] [  5356] [749C] Connecting to IPC channel: rgsc_ipc_4c30_channel_0
[2026-03-18 11:30:35.826] [  5356] [749C] Product version: RockstarGames/2.4.0.146/1.0.105.2733/launcher/Steam
[2026-03-18 11:30:36.102] [  5356] [749C] OnChannelConnected - rgsc_ipc_4c30_channel_0 (remoteProcessId 19504)
[2026-03-18 11:30:38.133] [  5356] [749C] Renderer[1][19236] IPC Channel Response: 19236 -> rgsc_ipc_4c30_channel_1
[2026-03-18 11:30:38.133] [  5356] [749C] Renderer[1][19236] Connecting to IPC channel: rgsc_ipc_4c30_channel_1
[2026-03-18 11:30:38.195] [  5356] [749C] Renderer[1][19236] OnChannelConnected - rgsc_ipc_4c30_channel_1 (remoteProcessId 19504)
[2026-03-18 11:30:40.726] [  5356] [749C] Renderer[2][29300] IPC Channel Response: 29300 -> rgsc_ipc_4c30_channel_2
[2026-03-18 11:30:40.726] [  5356] [749C] Renderer[2][29300] Connecting to IPC channel: rgsc_ipc_4c30_channel_2
[2026-03-18 11:30:40.860] [  5356] [749C] Renderer[2][29300] OnChannelConnected - rgsc_ipc_4c30_channel_2 (remoteProcessId 19504)
[2026-03-18 11:37:39.898] [  5356] [749C] OnChannelError() - rgsc_ipc_4c30_channel_0
[2026-03-18 11:37:39.898] [  5356] [749C] Shutdown requested
[2026-03-18 11:37:42.651] [ 25128] [60B4] ===================================
[2026-03-18 11:37:42.651] [ 25128] [60B4] Browser process opened from pid: 30400
[2026-03-18 11:37:42.651] [ 25128] [60B4] Language: en
[2026-03-18 11:37:42.652] [ 25128] [60B4] Connecting to IPC channel: rgsc_ipc_76c0_channel_0
[2026-03-18 11:37:42.652] [ 25128] [60B4] Product version: RockstarGames/2.4.0.146/1.0.105.2733/launcher/Steam
[2026-03-18 11:37:42.693] [ 25128] [60B4] OnChannelConnected - rgsc_ipc_76c0_channel_0 (remoteProcessId 30400)
[2026-03-18 11:37:42.858] [ 25128] [60B4] Renderer[1][30176] IPC Channel Response: 30176 -> rgsc_ipc_76c0_channel_1
[2026-03-18 11:37:42.860] [ 25128] [60B4] Renderer[1][30176] Connecting to IPC channel: rgsc_ipc_76c0_channel_1
[2026-03-18 11:37:43.140] [ 25128] [60B4] Renderer[1][30176] OnChannelConnected - rgsc_ipc_76c0_channel_1 (remoteProcessId 30400)
[2026-03-18 11:38:35.896] [  5356] [749C] Timed out waiting for windows to close on shutdown
[2026-03-18 11:38:35.952] [  5356] [749C] MainMessageLoopInternalPump - Preparing to shutdown
[2026-03-18 11:38:39.443] [  5356] [749C] MainMessageLoopInternalPump - Shutdown
[2026-03-18 11:38:39.832] [ 25128] [60B4] OnChannelError() - rgsc_ipc_76c0_channel_0
[2026-03-18 11:38:39.832] [ 25128] [60B4] Shutdown requested
[2026-03-18 11:38:44.844] [ 25128] [60B4] Timed out waiting for windows to close on shutdown
[2026-03-18 11:38:44.869] [ 25128] [60B4] MainMessageLoopInternalPump - Preparing to shutdown
[2026-03-18 11:38:48.554] [ 25128] [60B4] MainMessageLoopInternalPump - Shutdown
[2026-03-18 11:38:59.039] [ 27284] [ 4E8] ===================================
[2026-03-18 11:38:59.039] [ 27284] [ 4E8] Browser process opened from pid: 3788
[2026-03-18 11:38:59.039] [ 27284] [ 4E8] Language: en
[2026-03-18 11:38:59.040] [ 27284] [ 4E8] Connecting to IPC channel: rgsc_ipc_ecc_channel_0
[2026-03-18 11:38:59.041] [ 27284] [ 4E8] Product version: RockstarGames/2.4.0.146/1.0.105.2733/launcher/Steam
[2026-03-18 11:38:59.090] [ 27284] [ 4E8] OnChannelConnected - rgsc_ipc_ecc_channel_0 (remoteProcessId 3788)
[2026-03-18 11:39:00.741] [ 27284] [ 4E8] Renderer[1][20004] IPC Channel Response: 20004 -> rgsc_ipc_ecc_channel_1
[2026-03-18 11:39:00.741] [ 27284] [ 4E8] Renderer[1][20004] Connecting to IPC channel: rgsc_ipc_ecc_channel_1
[2026-03-18 11:39:00.742] [ 27284] [ 4E8] Renderer[1][20004] OnChannelConnected - rgsc_ipc_ecc_channel_1 (remoteProcessId 3788)
[2026-03-18 11:39:03.144] [ 27284] [ 4E8] Renderer[2][10652] IPC Channel Response: 10652 -> rgsc_ipc_ecc_channel_2
[2026-03-18 11:39:03.147] [ 27284] [ 4E8] Renderer[2][10652] Connecting to IPC channel: rgsc_ipc_ecc_channel_2
[2026-03-18 11:39:03.187] [ 27284] [ 4E8] Renderer[2][10652] OnChannelConnected - rgsc_ipc_ecc_channel_2 (remoteProcessId 3788)
[2026-03-18 11:44:21.631] [ 27284] [ 4E8] Renderer[3][26544] IPC Channel Response: 26544 -> rgsc_ipc_6988_channel_0
[2026-03-18 11:44:21.632] [ 27284] [ 4E8] Renderer[3][26544] Connecting to IPC channel: rgsc_ipc_6988_channel_0
[2026-03-18 11:44:21.692] [ 27284] [ 4E8] Renderer[3][26544] OnChannelConnected - rgsc_ipc_6988_channel_0 (remoteProcessId 27016)
[2026-03-18 11:45:25.096] [ 27284] [ 4E8] OnChannelError() - rgsc_ipc_ecc_channel_0
[2026-03-18 11:45:25.097] [ 27284] [ 4E8] Shutdown requested
[2026-03-18 11:45:30.106] [ 27284] [ 4E8] Timed out waiting for windows to close on shutdown
[2026-03-18 11:45:30.121] [ 27284] [ 4E8] MainMessageLoopInternalPump - Preparing to shutdown
[2026-03-18 11:45:33.212] [ 27284] [ 4E8] MainMessageLoopInternalPump - Shutdown
[2026-03-19 10:47:08.849] [ 15684] [3C90] ===================================
[2026-03-19 10:47:08.851] [ 15684] [3C90] Browser process opened from pid: 21452
[2026-03-19 10:47:08.851] [ 15684] [3C90] Language: en
[2026-03-19 10:47:08.851] [ 15684] [3C90] Connecting to IPC channel: rgsc_ipc_53cc_channel_0
[2026-03-19 10:47:08.854] [ 15684] [3C90] Product version: RockstarGames/2.4.0.146/1.0.105.2733/launcher/Steam
[2026-03-19 10:47:09.156] [ 15684] [3C90] OnChannelConnected - rgsc_ipc_53cc_channel_0 (remoteProcessId 21452)
[2026-03-19 10:47:11.153] [ 15684] [3C90] Renderer[1][9952] IPC Channel Response: 9952 -> rgsc_ipc_53cc_channel_1
[2026-03-19 10:47:11.153] [ 15684] [3C90] Renderer[1][9952] Connecting to IPC channel: rgsc_ipc_53cc_channel_1
[2026-03-19 10:47:11.336] [ 15684] [3C90] Renderer[1][9952] OnChannelConnected - rgsc_ipc_53cc_channel_1 (remoteProcessId 21452)
[2026-03-19 10:47:13.683] [ 15684] [3C90] Renderer[2][7128] IPC Channel Response: 7128 -> rgsc_ipc_53cc_channel_2
[2026-03-19 10:47:13.684] [ 15684] [3C90] Renderer[2][7128] Connecting to IPC channel: rgsc_ipc_53cc_channel_2
[2026-03-19 10:47:13.805] [ 15684] [3C90] Renderer[2][7128] OnChannelConnected - rgsc_ipc_53cc_channel_2 (remoteProcessId 21452)
[2026-03-19 10:48:21.571] [ 15684] [3C90] Renderer[3][13752] IPC Channel Response: 13752 -> rgsc_ipc_5300_channel_0
[2026-03-19 10:48:21.572] [ 15684] [3C90] Renderer[3][13752] Connecting to IPC channel: rgsc_ipc_5300_channel_0
[2026-03-19 10:48:21.586] [ 15684] [3C90] Renderer[3][13752] OnChannelConnected - rgsc_ipc_5300_channel_0 (remoteProcessId 21248)
[2026-03-19 11:31:11.596] [ 15684] [3C90] OnChannelError() - rgsc_ipc_53cc_channel_0
[2026-03-19 11:31:11.597] [ 15684] [3C90] Shutdown requested
[2026-03-19 11:31:16.607] [ 15684] [3C90] Timed out waiting for windows to close on shutdown
[2026-03-19 11:31:16.623] [ 15684] [3C90] MainMessageLoopInternalPump - Preparing to shutdown
[2026-03-19 11:31:19.744] [ 15684] [3C90] MainMessageLoopInternalPump - Shutdown
