[2026-03-18 08:38:53.985] [DISPLAY] [Main ] [launcher] Opening log file.
[2026-03-18 08:38:53.993] [DISPLAY] [Main ] [startupinfo] Command line: "C:\Program Files\Rockstar Games\Launcher\Launcher.exe" -skipPatcherCheck -steamAppId=1174180 -steamLocation "C:\Users\pavan\Steam\steamapps\common\Red Dead Redemption 2" @args.txt
[2026-03-18 08:38:53.993] [DISPLAY] [Main ] [fileutils] Checking version: C:\Program Files\Rockstar Games\Launcher\Launcher.exe
[2026-03-18 08:38:53.995] [DISPLAY] [Main ] [startupinfo] P4 Version: 
[2026-03-18 08:38:53.995] [DISPLAY] [Main ] [startupinfo] RGL Branch: release_05
[2026-03-18 08:38:53.995] [DISPLAY] [Main ] [startupinfo] Version:    1.0.105.2733
[2026-03-18 08:38:53.995] [DISPLAY] [Main ] [startupinfo] Session ID: 
[2026-03-18 08:38:53.995] [DISPLAY] [Main ] [startupinfo] Name Hash:  00000000
[2026-03-18 08:38:53.995] [DISPLAY] [Main ] [startupinfo] Parameters:
[2026-03-18 08:38:53.995] [DISPLAY] [Main ] [startupinfo]     C:\Program Files\Rockstar Games\Launcher\Launcher.exe
[2026-03-18 08:38:53.995] [DISPLAY] [Main ] [startupinfo]     -skipPatcherCheck
[2026-03-18 08:38:53.995] [DISPLAY] [Main ] [startupinfo]     -steamAppId=1174180
[2026-03-18 08:38:53.995] [DISPLAY] [Main ] [startupinfo]     -steamLocation
[2026-03-18 08:38:53.995] [DISPLAY] [Main ] [startupinfo]     C:\Users\pavan\Steam\steamapps\common\Red Dead Redemption 2
[2026-03-18 08:38:53.995] [DISPLAY] [Main ] [startupinfo]     @args.txt
[2026-03-18 08:38:53.995] [DISPLAY] [Main ] [startup] Initial Working Directory: C:\Users\pavan\Steam\steamapps\common\Red Dead Redemption 2
[2026-03-18 08:38:53.995] [DISPLAY] [Main ] [startup] Working directory: C:\Program Files\Rockstar Games\Launcher
[2026-03-18 08:38:53.998] [DISPLAY] [Main ] [packfile] Initialize 'Launcher.rpf' - succeeded
[2026-03-18 08:38:53.998] [DISPLAY] [Main ] [localisation] Language updated to: 0
[2026-03-18 08:38:54.031] [DISPLAY] [Main ] [external] Creating Steam min mode launch
[2026-03-18 08:38:54.064] [DISPLAY] [Main ] [external] Steam App Id: 1174180
[2026-03-18 08:38:54.064] [DISPLAY] [Main ] [external] Steam Location: C:\Users\pavan\Steam\steamapps\common\Red Dead Redemption 2
[2026-03-18 08:38:54.066] [DISPLAY] [Main ] [metadatamanager] Read external Steam metadata: rdr2
[2026-03-18 08:38:54.066] [DISPLAY] [Main ] [external] App: rdr2
[2026-03-18 08:38:54.076] [DISPLAY] [Main ] [environment] SetEnvironment: prod
[2026-03-18 08:38:54.079] [ ERROR ] [Main ] [fileutils] Failed to delete directory: C:\Users\pavan\OneDrive\Documents\Rockstar Games\GTA V\User Music
[2026-03-18 08:38:54.079] [DISPLAY] [Main ] [subsystem] Init phase 1
[2026-03-18 08:38:54.080] [DISPLAY] [Main ] [fileutils] Checking version: C:\Program Files\Rockstar Games\Launcher\RockstarService.exe
[2026-03-18 08:38:54.080] [DISPLAY] [Main ] [svc] Service version: 1.0.105.2733 (1.0.105.2733)
[2026-03-18 08:38:54.080] [DISPLAY] [Main ] [svc] Starting service (attempt 1 / 3)...
[2026-03-18 08:38:54.088] [DISPLAY] [Main ] [titlestorage] Installed titles:
[2026-03-18 08:38:54.088] [DISPLAY] [Main ] [titlestorage]  Title                             Progress               Version              Location                                                    
[2026-03-18 08:38:54.098] [DISPLAY] [Main ] [fileutils] Checking version: C:\Program Files\Rockstar Games\Social Club\socialclub.dll
[2026-03-18 08:38:54.102] [DISPLAY] [Main ] [subsystem] Initializing group 0...
[2026-03-18 08:38:54.102] [DISPLAY] [Main ] [subsystem] Init phase 2
[2026-03-18 08:38:54.102] [DISPLAY] [Main ] [subsystem] Starting systems...
[2026-03-18 08:38:54.188] [DISPLAY] [Main ] [minmode] Overriding language from external game launch: en-US
[2026-03-18 08:38:54.188] [DISPLAY] [Main ] [localisation] Language updated to: 0
[2026-03-18 08:38:54.188] [DISPLAY] [Main ] [subsystem] Starting diag...
[2026-03-18 08:38:54.188] [DISPLAY] [Main ] [fileutils] Checking local versions...
[2026-03-18 08:38:54.188] [DISPLAY] [Main ] [fileutils] Checking version: C:\Program Files\Rockstar Games\Social Club\socialclub.dll
[2026-03-18 08:38:54.189] [DISPLAY] [Main ] [fileutils] Checking RGL version...
[2026-03-18 08:38:54.189] [DISPLAY] [Main ] [fileutils] Version: 2.4.0.146 | 1.0.105.2733 | FFP
[2026-03-18 08:38:54.189] [DISPLAY] [Main ] [subsystem] Starting net...
[2026-03-18 08:38:54.199] [DISPLAY] [Main ] [subsystem] Assigning pools...
[2026-03-18 08:38:54.199] [DISPLAY] [Main ] [subsystem] Initializing engine...
[2026-03-18 08:38:54.199] [DISPLAY] [Main ] [subsystem] Initializing group 1...
[2026-03-18 08:38:54.202] [DISPLAY] [Workr] [selfupdate] Up-to-date.
[2026-03-18 08:38:54.343] [DISPLAY] [bgsvc] [svc] Received response from service.
[2026-03-18 08:38:54.352] [DISPLAY] [Main ] [systemtray] System tray: enabled
[2026-03-18 08:38:54.372] [DISPLAY] [Main ] [launcher] Passed check: majorVersion(10.0.26200) >= 10
[2026-03-18 08:38:54.480] [DISPLAY] [http1] [idownloader] Starting download of 'https://gamedownloads-rockstargames-com.akamaized.net/public/launcher_online_config.xml'
[2026-03-18 08:38:54.595] [DISPLAY] [http1] [idownloader] Completed download of 'https://gamedownloads-rockstargames-com.akamaized.net/public/launcher_online_config.xml' (status: 0/200)
[2026-03-18 08:38:54.629] [DISPLAY] [Workr] [marketing_promo] No promotion manifest in memory, refreshing from cloud.
[2026-03-18 08:38:54.629] [DISPLAY] [Workr] [marketing_promo] Requesting new manifest
[2026-03-18 08:38:54.629] [DISPLAY] [Workr] [titlemanager] Downloading title list...
[2026-03-18 08:38:54.629] [DISPLAY] [Workr] [titlemanager] Downloading default title list (SCS)...
[2026-03-18 08:38:54.629] [DISPLAY] [Workr] [idownloader] Starting download of 'https://rgl-prod.ros.rockstargames.com/launcher/11/LauncherServices/App.asmx/GetDefaultApps?accessToken='
[2026-03-18 08:38:55.792] [DISPLAY] [Workr] [idownloader] Completed download of 'https://rgl-prod.ros.rockstargames.com/launcher/11/LauncherServices/App.asmx/GetDefaultApps?accessToken=' (status: 0/200)
[2026-03-18 08:38:55.792] [DISPLAY] [Workr] [services] Obtained NA-BAT
[2026-03-18 08:38:55.792] [DISPLAY] [Workr] [services] Parsed response from GetDefaultApps: 1 title(s), 1 branch(es)
[2026-03-18 08:38:55.792] [DISPLAY] [Workr] [titlemanager] Retrieved default title: launcher
[2026-03-18 08:38:55.792] [DISPLAY] [Workr] [titlemanager] Launcher tokens: BAT: false, NA-BAT: true
[2026-03-18 08:38:55.792] [DISPLAY] [Workr] [titlemanager] Title list updated.
[2026-03-18 08:38:55.792] [DISPLAY] [Workr] [launcher] Checking for self-update...
[2026-03-18 08:38:55.801] [DISPLAY] [Workr] [mergedmanifest] Using regular build for launcher
[2026-03-18 08:38:55.802] [DISPLAY] [Workr] [idownloader] Starting download of 'https://rgl-prod.ros.rockstargames.com/launcher/11/LauncherServices/App.asmx/GetBuildManifestFullNoAuth?branchAccessToken=BRANCHACCESS token="FA+Kuk1d74q/BvKpE6fYVqP0dgeVq7SlErB/81aGxoyggCWKzvWt0+/8ARySKnOAYtixGh2VdxG2AYcVqv354AmuIpFMOm6Hpyl1PKvWKcw=",signature="1dibKG3AXtSISnCQos6AZsEiPQBnE1I0MdMrK3RSRmI="'
[2026-03-18 08:38:57.060] [DISPLAY] [Workr] [idownloader] Completed download of 'https://rgl-prod.ros.rockstargames.com/launcher/11/LauncherServices/App.asmx/GetBuildManifestFullNoAuth?branchAccessToken=BRANCHACCESS token="FA+Kuk1d74q/BvKpE6fYVqP0dgeVq7SlErB/81aGxoyggCWKzvWt0+/8ARySKnOAYtixGh2VdxG2AYcVqv354AmuIpFMOm6Hpyl1PKvWKcw=",signature="1dibKG3AXtSISnCQos6AZsEiPQBnE1I0MdMrK3RSRmI="' (status: 0/200)
[2026-03-18 08:38:57.064] [DISPLAY] [Workr] [titleupdater] Doing chunk checks for launcher...
[2026-03-18 08:38:57.064] [DISPLAY] [Workr] [titleupdater] Checked 0 chunk(s), 0 were empty, skipped 0 chunk(s) and 60 file(s)
[2026-03-18 08:38:57.065] [DISPLAY] [Workr] [statuschecker] Title Rockstar Games Launcher: 0.0 KB / 209.64 MB
[2026-03-18 08:38:57.065] [DISPLAY] [Workr] [selfupdate] Updating launcher...
[2026-03-18 08:38:57.065] [DISPLAY] [Workr] [selfupdate] Branch 4, build 1139: Has NA-BAT
[2026-03-18 08:38:58.404] [DISPLAY] [Workr] [diffpatch] 0 patchable files, total of 0.0 KB to download.
[2026-03-18 08:38:58.794] [DISPLAY] [Admin] [idownloader] Starting download of 'https://rgl-prod.ros.rockstargames.com/launcher/11/LauncherServices/App.asmx/RetrieveFileChunkNoAuthMulti'
[2026-03-18 08:38:59.966] [DISPLAY] [Admin] [idownloader] Completed download of 'https://rgl-prod.ros.rockstargames.com/launcher/11/LauncherServices/App.asmx/RetrieveFileChunkNoAuthMulti' (status: 0/200)
[2026-03-18 08:39:27.862] [DISPLAY] [Workr] [downloadprogress] Dl: D|116578187|29|6|0|0
[2026-03-18 08:39:27.864] [DISPLAY] [Workr] [titleupdater] Doing chunk checks for launcher...
[2026-03-18 08:39:27.865] [DISPLAY] [Workr] [titleupdater] Checked 54 chunk(s), 0 were empty, skipped 6 chunk(s) and 0 file(s)
[2026-03-18 08:39:27.868] [DISPLAY] [Workr] [titleupdater] Launcher needs to restart to be made up-to-date.
[2026-03-18 08:39:27.868] [DISPLAY] [Workr] [titleupdater] Update of Rockstar Games Launcher succeeded; needs restart to complete.
[2026-03-18 08:39:27.872] [DISPLAY] [Workr] [selfupdate] Applying downloaded self-update...
[2026-03-18 08:39:28.439] [DISPLAY] [Workr] [fileutils] Checking version: C:\Program Files\Rockstar Games\Launcher\Launcher.exe
[2026-03-18 08:39:28.440] [DISPLAY] [Workr] [title] Current version for title [pv] Rockstar Games Launcher : 1.0.105.2733
[2026-03-18 08:39:28.542] [DISPLAY] [Workr] [fileutils] Checking version: C:\Program Files\Rockstar Games\Launcher\Launcher.exe
[2026-03-18 08:39:28.543] [DISPLAY] [Workr] [title] Current version for title [pv] Rockstar Games Launcher : 1.0.105.2733
[2026-03-18 08:39:28.658] [DISPLAY] [Workr] [selfupdate] Self-update applied, need to restart.
[2026-03-18 08:39:28.661] [DISPLAY] [Workr] [packfile] Initialize 'Launcher.rpf' - succeeded
[2026-03-18 08:39:28.661] [DISPLAY] [Workr] [launcher] Restarting to apply self-update...
[2026-03-18 08:39:28.661] [DISPLAY] [Workr] [lifecycle] Setting to restart after exit.
[2026-03-18 08:39:28.661] [DISPLAY] [Workr] [lifecycle] Restart args: -skipPatcherCheck -steamAppId=1174180 -steamLocation "C:\Users\pavan\Steam\steamapps\common\Red Dead Redemption 2" @args.txt -upgrade
[2026-03-18 08:39:28.661] [DISPLAY] [Workr] [launcher] Shutdown requested! Forced: false
[2026-03-18 08:39:28.661] [DISPLAY] [Workr] [launcher] Completed Pre-initialization tasks
[2026-03-18 08:39:28.677] [DISPLAY] [Main ] [launcher] StartShutdown - Now in progress
[2026-03-18 08:39:28.677] [DISPLAY] [Main ] [launcher] SHUTDOWN_REQUESTED -> SHUTDOWN_MAIN_WINDOW
[2026-03-18 08:39:28.677] [DISPLAY] [Main ] [launcher] SHUTDOWN_MAIN_WINDOW -> SHUTDOWN_STARTUP_WINDOW
[2026-03-18 08:39:28.677] [DISPLAY] [Main ] [launcher] SHUTDOWN_STARTUP_WINDOW -> SHUTDOWN_NOTIFICATION_MANAGER
[2026-03-18 08:39:28.677] [DISPLAY] [Main ] [launcher] SHUTDOWN_NOTIFICATION_MANAGER -> SHUTDOWN_GAME_LAUNCHER
[2026-03-18 08:39:28.677] [DISPLAY] [Main ] [launcher] SHUTDOWN_GAME_LAUNCHER -> SHUTDOWN_WINDOW_CONTROLLER
[2026-03-18 08:39:28.677] [DISPLAY] [Main ] [launcher] SHUTDOWN_WINDOW_CONTROLLER -> SHUTDOWN_STOP_WORKER_THREADS
[2026-03-18 08:39:28.677] [DISPLAY] [Main ] [launcher] SHUTDOWN_STOP_WORKER_THREADS -> SHUTDOWN_TITLES
[2026-03-18 08:39:28.677] [DISPLAY] [Main ] [launcher] SHUTDOWN_TITLES -> SHUTDOWN_DISK
[2026-03-18 08:39:28.677] [DISPLAY] [Main ] [launcher] SHUTDOWN_DISK -> SHUTDOWN_BACKGROUND_SERVICE
[2026-03-18 08:39:28.677] [DISPLAY] [Main ] [launcher] SHUTDOWN_BACKGROUND_SERVICE -> SHUTDOWN_TELEMETRY
[2026-03-18 08:39:28.677] [DISPLAY] [Main ] [launcher] SHUTDOWN_TELEMETRY -> SHUTDOWN_CACHED_REQUEST_MANAGER
[2026-03-18 08:39:28.677] [DISPLAY] [Main ] [launcher] SHUTDOWN_CACHED_REQUEST_MANAGER -> SHUTDOWN_SETTINGS_MANAGER
[2026-03-18 08:39:28.678] [DISPLAY] [Main ] [launcher] SHUTDOWN_SETTINGS_MANAGER -> SHUTDOWN_SDK
[2026-03-18 08:39:28.678] [DISPLAY] [Main ] [launcher] SHUTDOWN_SDK -> SHUTDOWN_PRESENCE
[2026-03-18 08:39:28.678] [DISPLAY] [Main ] [launcher] SHUTDOWN_PRESENCE -> SHUTDOWN_SUBSYSTEMS
[2026-03-18 08:39:28.678] [DISPLAY] [Main ] [launcher] SHUTDOWN_SUBSYSTEMS -> SHUTDOWN_IN_PROGRESS
[2026-03-18 08:39:28.678] [DISPLAY] [Main ] [launcher] Telemetry flushed
[2026-03-18 08:39:28.678] [DISPLAY] [Main ] [launcher] Window destroyed
[2026-03-18 08:39:28.678] [DISPLAY] [Main ] [launcher] SDK ready for shutdown
[2026-03-18 08:39:28.678] [DISPLAY] [Main ] [launcher] Notifications cleared
[2026-03-18 08:39:28.678] [DISPLAY] [Main ] [launcher] No games running
[2026-03-18 08:39:28.694] [DISPLAY] [Main ] [launcher] Worker Threads shutdown
[2026-03-18 08:39:28.831] [DISPLAY] [Main ] [launcher] Title state flushed
[2026-03-18 08:39:28.933] [DISPLAY] [Main ] [launcher] Disk state flushed
[2026-03-18 08:39:28.933] [DISPLAY] [Main ] [launcher] Cached Requests cleared
[2026-03-18 08:39:28.933] [DISPLAY] [Main ] [launcher] Settings saved
[2026-03-18 08:39:28.933] [DISPLAY] [Main ] [launcher] Presence signed out
[2026-03-18 08:39:28.933] [DISPLAY] [Main ] [launcher] All subsystems have shut down
[2026-03-18 08:39:28.954] [DISPLAY] [Main ] [launcher] SHUTDOWN_IN_PROGRESS -> SHUTDOWN_COMPLETE
[2026-03-18 08:39:28.955] [DISPLAY] [Main ] [app] Application quit requested (exit code: 0)
[2026-03-18 08:39:28.955] [DISPLAY] [Main ] [launcher] SHUTDOWN_COMPLETE -> SHUTDOWN_EXITING
[2026-03-18 08:39:28.987] [DISPLAY] [Main ] [svc] Stopping the background service.
