[2026-03-18 11:37:41.763] [DISPLAY] [Main ] [fileutils] Checking version: C:\Program Files\Rockstar Games\Launcher\Launcher.exe
[2026-03-18 11:37:41.777] [DISPLAY] [Main ] [dx12] Retrieving D3D12 graphics info
[2026-03-18 11:37:42.062] [DISPLAY] [Main ] [launcher] Opening log file.
[2026-03-18 11:37:42.067] [DISPLAY] [Main ] [startupinfo] Command line: "C:\Program Files\Rockstar Games\Launcher\Launcher.exe" -skipPatcherCheck -steamAppId=1174180 -steamLocation "C:\Users\pavan\Steam\steamapps\common\Red Dead Redemption 2" @args.txt -user_restart -scOfflineOnly
[2026-03-18 11:37:42.067] [DISPLAY] [Main ] [startupinfo] P4 Version: 
[2026-03-18 11:37:42.067] [DISPLAY] [Main ] [startupinfo] RGL Branch: release_05
[2026-03-18 11:37:42.067] [DISPLAY] [Main ] [startupinfo] Version:    1.0.105.2733
[2026-03-18 11:37:42.067] [DISPLAY] [Main ] [startupinfo] Session ID: afc8d001-7368-11cf-9a62-8d5a9998cc23
[2026-03-18 11:37:42.067] [DISPLAY] [Main ] [startupinfo] Name Hash:  C9CF2546
[2026-03-18 11:37:42.067] [DISPLAY] [Main ] [startupinfo] Parameters:
[2026-03-18 11:37:42.067] [DISPLAY] [Main ] [startupinfo]     C:\Program Files\Rockstar Games\Launcher\Launcher.exe
[2026-03-18 11:37:42.067] [DISPLAY] [Main ] [startupinfo]     -skipPatcherCheck
[2026-03-18 11:37:42.067] [DISPLAY] [Main ] [startupinfo]     -steamAppId=1174180
[2026-03-18 11:37:42.067] [DISPLAY] [Main ] [startupinfo]     -steamLocation
[2026-03-18 11:37:42.067] [DISPLAY] [Main ] [startupinfo]     C:\Users\pavan\Steam\steamapps\common\Red Dead Redemption 2
[2026-03-18 11:37:42.067] [DISPLAY] [Main ] [startupinfo]     @args.txt
[2026-03-18 11:37:42.067] [DISPLAY] [Main ] [startupinfo]     -user_restart
[2026-03-18 11:37:42.067] [DISPLAY] [Main ] [startupinfo]     -scOfflineOnly
[2026-03-18 11:37:42.067] [DISPLAY] [Main ] [startup] Initial Working Directory: C:\Program Files\Rockstar Games\Launcher
[2026-03-18 11:37:42.067] [DISPLAY] [Main ] [startup] Working directory: C:\Program Files\Rockstar Games\Launcher
[2026-03-18 11:37:42.069] [DISPLAY] [Main ] [packfile] Initialize 'Launcher.rpf' - succeeded
[2026-03-18 11:37:42.070] [DISPLAY] [Main ] [localisation] Language updated to: 0
[2026-03-18 11:37:42.115] [DISPLAY] [Main ] [external] Creating Steam min mode launch
[2026-03-18 11:37:42.117] [DISPLAY] [Main ] [external] Steam App Id: 1174180
[2026-03-18 11:37:42.117] [DISPLAY] [Main ] [external] Steam Location: C:\Users\pavan\Steam\steamapps\common\Red Dead Redemption 2
[2026-03-18 11:37:42.118] [DISPLAY] [Main ] [metadatamanager] Read external Steam metadata: rdr2
[2026-03-18 11:37:42.118] [DISPLAY] [Main ] [external] App: rdr2
[2026-03-18 11:37:42.132] [ ERROR ] [Main ] [shell] Could not do OpenProcess on parent process.
[2026-03-18 11:37:42.132] [DISPLAY] [Main ] [external] Steam not detected as parent process
[2026-03-18 11:37:42.132] [DISPLAY] [Main ] [environment] SetEnvironment: prod
[2026-03-18 11:37:42.136] [ ERROR ] [Main ] [fileutils] Failed to delete directory: C:\Users\pavan\OneDrive\Documents\Rockstar Games\GTA V\User Music
[2026-03-18 11:37:42.136] [DISPLAY] [Main ] [subsystem] Init phase 1
[2026-03-18 11:37:42.136] [DISPLAY] [Main ] [fileutils] Checking version: C:\Program Files\Rockstar Games\Launcher\RockstarService.exe
[2026-03-18 11:37:42.138] [DISPLAY] [Main ] [svc] Service version: 1.0.105.2733 (1.0.105.2733)
[2026-03-18 11:37:42.138] [DISPLAY] [Main ] [svc] Starting service (attempt 1 / 3)...
[2026-03-18 11:37:42.144] [DISPLAY] [Main ] [titlestorage] Installed titles:
[2026-03-18 11:37:42.144] [DISPLAY] [Main ] [titlestorage]  Title                             Progress               Version              Location                                                    
[2026-03-18 11:37:42.154] [DISPLAY] [Main ] [fileutils] Checking version: C:\Program Files\Rockstar Games\Social Club\socialclub.dll
[2026-03-18 11:37:42.158] [DISPLAY] [Main ] [subsystem] Initializing group 0...
[2026-03-18 11:37:42.158] [DISPLAY] [Main ] [subsystem] Init phase 2
[2026-03-18 11:37:42.158] [DISPLAY] [Main ] [subsystem] Starting systems...
[2026-03-18 11:37:42.282] [DISPLAY] [Main ] [minmode] Overriding language from external game launch: en-US
[2026-03-18 11:37:42.282] [DISPLAY] [Main ] [localisation] Language updated to: 0
[2026-03-18 11:37:42.282] [DISPLAY] [Main ] [subsystem] Starting diag...
[2026-03-18 11:37:42.282] [DISPLAY] [Main ] [fileutils] Checking local versions...
[2026-03-18 11:37:42.282] [DISPLAY] [Main ] [fileutils] Checking version: C:\Program Files\Rockstar Games\Social Club\socialclub.dll
[2026-03-18 11:37:42.283] [DISPLAY] [Main ] [fileutils] Checking RGL version...
[2026-03-18 11:37:42.283] [DISPLAY] [Main ] [fileutils] Version: 2.4.0.146 | 1.0.105.2733 | FFP
[2026-03-18 11:37:42.283] [DISPLAY] [Main ] [subsystem] Starting net...
[2026-03-18 11:37:42.291] [DISPLAY] [Main ] [subsystem] Assigning pools...
[2026-03-18 11:37:42.291] [DISPLAY] [Main ] [subsystem] Initializing engine...
[2026-03-18 11:37:42.291] [DISPLAY] [Main ] [subsystem] Initializing group 1...
[2026-03-18 11:37:42.301] [DISPLAY] [Workr] [selfupdate] Up-to-date.
[2026-03-18 11:37:42.362] [DISPLAY] [bgsvc] [svc] Received response from service.
[2026-03-18 11:37:42.389] [DISPLAY] [Main ] [systemtray] System tray: enabled
[2026-03-18 11:37:42.399] [DISPLAY] [Main ] [launcher] Passed check: majorVersion(10.0.26200) >= 10
[2026-03-18 11:37:42.446] [DISPLAY] [Workr] [marketing_promo] No promotion manifest in memory, refreshing from cloud.
[2026-03-18 11:37:42.446] [DISPLAY] [Workr] [marketing_promo] Requesting new manifest
[2026-03-18 11:37:42.446] [DISPLAY] [Workr] [titlemanager] Downloading title list...
[2026-03-18 11:37:42.446] [DISPLAY] [Workr] [titlemanager] Title list updated.
[2026-03-18 11:37:42.446] [DISPLAY] [Workr] [launcher] Checking for self-update...
[2026-03-18 11:37:42.458] [DISPLAY] [Workr] [mergedmanifest] Using regular build for launcher
[2026-03-18 11:37:42.458] [DISPLAY] [Workr] [titleupdater] Doing chunk checks for launcher...
[2026-03-18 11:37:42.463] [DISPLAY] [Workr] [titleupdater] Checked 60 chunk(s), 0 were empty, skipped 0 chunk(s) and 0 file(s)
[2026-03-18 11:37:42.463] [DISPLAY] [Workr] [statuschecker] Title Rockstar Games Launcher: No update
[2026-03-18 11:37:42.469] [DISPLAY] [Workr] [launcher] No self-update, continuing.
[2026-03-18 11:37:42.477] [DISPLAY] [Workr] [launcher] Checking for prerequisite updates...
[2026-03-18 11:37:42.477] [DISPLAY] [Workr] [fileutils] Checking version: C:\Program Files\Rockstar Games\Social Club\socialclub.dll
[2026-03-18 11:37:42.479] [DISPLAY] [Workr] [fileutils] Checking version: C:\Program Files\Rockstar Games\Launcher\Redistributables\SocialClub\Social-Club-Setup.exe
[2026-03-18 11:37:42.480] [DISPLAY] [Workr] [preqmanager] The Social Club version available matches that currently installed (both: 2.4.0.146)
[2026-03-18 11:37:42.480] [DISPLAY] [Workr] [titleupdater] No prerequisites to install.
[2026-03-18 11:37:42.480] [DISPLAY] [Workr] [launcher] Checking minimum SDK requirement
[2026-03-18 11:37:42.480] [DISPLAY] [Workr] [fileutils] Checking version: C:\Program Files\Rockstar Games\Social Club\socialclub.dll
[2026-03-18 11:37:42.550] [DISPLAY] [Workr] [launcher] Completed Pre-initialization tasks
[2026-03-18 11:37:42.563] [DISPLAY] [Main ] [subsystem] Init phase 3
[2026-03-18 11:37:42.563] [DISPLAY] [Main ] [subsystem] RGL Offline Assets path: C:\Program Files\Rockstar Games\Launcher\offline.pak
[2026-03-18 11:37:42.563] [DISPLAY] [Main ] [subsystem] Intializing connection manager.
[2026-03-18 11:37:42.563] [DISPLAY] [Main ] [subsystem] Initializing RAGE networking.
[2026-03-18 11:37:42.611] [DISPLAY] [Main ] [subsystem] Initializing group 2...
[2026-03-18 11:37:42.763] [DISPLAY] [Workr] [dx12] Retrieving D3D12 graphics info
[2026-03-18 11:37:42.989] [DISPLAY] [Workr] [sysinfo] System Configuration: 
 CPU Info:
  ID: Intel64 Family 6 Model 186 Stepping 2
  Name: 13th Gen Intel(R) Core(TM) i7-13620H
  Clock Speed: 2.92 GHZ
  Physical Cores: 10
  Logical Cores: 16
  SSE 4.1: enabled
  SSE 4.2: enabled

 Disk 0 (C:\)
  Disk Type: NVMe
  Bytes Free: 384128319488
  Bytes Total: 992337006592

Memory Info:
 17179869184 B
 16 GB

 GPU 0
  Description: NVIDIA GeForce RTX 4060 Laptop GPU
  Capacity (Bytes): 8343519232
  Display Capacity: 8.0 GB

 GPU 1
  Description: Intel(R) UHD Graphics
  Capacity (Bytes): 4197184512
  Display Capacity: 4.0 GB
[2026-03-18 11:37:42.990] [DISPLAY] [Workr] [fileutils] Could not enumerate files in folder 'C:\Users\pavan\AppData\Local\Rockstar Games\Launcher\IconCache', path not found.
[2026-03-18 11:37:43.176] [DISPLAY] [Main ] [sysinfo] Identified device Type: 0
[2026-03-18 11:37:44.081] [DISPLAY] [Main ] [launcher] Social Club UI has started.
[2026-03-18 11:37:44.081] [DISPLAY] [Main ] [fileutils] Checking version: C:\Program Files\Rockstar Games\Social Club\socialclub.dll
[2026-03-18 11:37:44.082] [DISPLAY] [Admin] [external] Setting up steam title: rdr2
[2026-03-18 11:37:44.114] [ ERROR ] [Admin] [external] Aborting launch due to being unable to auto sign in to offline profile!
[2026-03-18 11:37:44.114] [ ERROR ] [Admin] [external] Failed setting up external title
[2026-03-18 11:37:44.114] [ ERROR ] [Admin] [error] ************************************************************************
[2026-03-18 11:37:44.114] [ ERROR ] [Admin] [error] * Setting error condition
[2026-03-18 11:37:44.114] [ ERROR ] [Admin] [error] * Category:  1   (ERROR_CATEGORY_LAUNCHER)
[2026-03-18 11:37:44.114] [ ERROR ] [Admin] [error] * Code:      133 (0x85)
[2026-03-18 11:37:44.114] [ ERROR ] [Admin] [error] * Extra:     
[2026-03-18 11:37:44.114] [ ERROR ] [Admin] [error] * Localised: The Rockstar Games Services are unavailable and offline play could not be verified (code 133). Please check your connection and try again later. Offline play is only available if the game has been launched recently while online on this computer. If you continue to have problems playing the game, please contact Rockstar Games Customer Support at https://support.rockstargames.com.
[2026-03-18 11:37:44.114] [ ERROR ] [Admin] [error] ************************************************************************
[2026-03-18 11:37:44.115] [ ERROR ] [Admin] [launcher] Displaying error message: The Rockstar Games Services are unavailable and offline play could not be verified (code 133). Please check your connection and try again later. Offline play is only available if the game has been launched recently while online on this computer. If you continue to have problems playing the game, please contact Rockstar Games Customer Support at https://support.rockstargames.com.
[2026-03-18 11:37:44.168] [DISPLAY] [Main ] [launcher] Time to start up: 2445 ms
[2026-03-18 11:37:44.172] [DISPLAY] [Main ] [systemtray] System tray: enabled
[2026-03-18 11:37:44.192] [DISPLAY] [Main ] [ui_window_controller] UiWindowController::SetContext: Invalid -> MainWindow
[2026-03-18 11:37:44.192] [DISPLAY] [Main ] [ui_window_controller] UiWindowController::SetState: Invalid -> WaitForBrowser
[2026-03-18 11:37:44.193] [DISPLAY] [Main ] [ui_window_controller] UiWindowController::SetState: WaitForBrowser -> WaitForWindow
[2026-03-18 11:37:44.193] [DISPLAY] [Main ] [ui_window_controller] UiWindowController::SetState: WaitForWindow -> Active
[2026-03-18 11:37:44.193] [DISPLAY] [Main ] [ui_mainwindow] Using DPI 120,120
[2026-03-18 11:37:44.193] [DISPLAY] [Main ] [ui_mainwindow] Using UI Scale: 1.25
[2026-03-18 11:37:44.195] [DISPLAY] [Main ] [ui_mainwindow] Using saved geometry: 160,135 (1600 x 750)
[2026-03-18 11:38:38.710] [DISPLAY] [Main ] [launcher] Shutdown requested! Forced: true
[2026-03-18 11:38:38.728] [DISPLAY] [Main ] [launcher] StartShutdown - Now in progress
[2026-03-18 11:38:38.728] [DISPLAY] [Main ] [launcher] SHUTDOWN_REQUESTED -> SHUTDOWN_MAIN_WINDOW
[2026-03-18 11:38:38.738] [DISPLAY] [Main ] [launcher] SHUTDOWN_MAIN_WINDOW -> SHUTDOWN_STARTUP_WINDOW
[2026-03-18 11:38:38.738] [DISPLAY] [Main ] [launcher] SHUTDOWN_STARTUP_WINDOW -> SHUTDOWN_NOTIFICATION_MANAGER
[2026-03-18 11:38:38.738] [DISPLAY] [Main ] [launcher] SHUTDOWN_NOTIFICATION_MANAGER -> SHUTDOWN_GAME_LAUNCHER
[2026-03-18 11:38:38.738] [DISPLAY] [Main ] [launcher] SHUTDOWN_GAME_LAUNCHER -> SHUTDOWN_WINDOW_CONTROLLER
[2026-03-18 11:38:38.848] [DISPLAY] [Main ] [launcher] SHUTDOWN_WINDOW_CONTROLLER -> SHUTDOWN_STOP_WORKER_THREADS
[2026-03-18 11:38:38.848] [DISPLAY] [Main ] [launcher] SHUTDOWN_STOP_WORKER_THREADS -> SHUTDOWN_TITLES
[2026-03-18 11:38:38.848] [DISPLAY] [Main ] [launcher] SHUTDOWN_TITLES -> SHUTDOWN_DISK
[2026-03-18 11:38:38.848] [DISPLAY] [Main ] [launcher] SHUTDOWN_DISK -> SHUTDOWN_BACKGROUND_SERVICE
[2026-03-18 11:38:38.848] [DISPLAY] [Main ] [launcher] SHUTDOWN_BACKGROUND_SERVICE -> SHUTDOWN_TELEMETRY
[2026-03-18 11:38:38.848] [DISPLAY] [Main ] [launcher] SHUTDOWN_TELEMETRY -> SHUTDOWN_CACHED_REQUEST_MANAGER
[2026-03-18 11:38:38.848] [DISPLAY] [Main ] [launcher] SHUTDOWN_CACHED_REQUEST_MANAGER -> SHUTDOWN_SETTINGS_MANAGER
[2026-03-18 11:38:38.848] [DISPLAY] [Main ] [launcher] SHUTDOWN_SETTINGS_MANAGER -> SHUTDOWN_STOP_BACKGROUND_SERVICE
[2026-03-18 11:38:38.848] [DISPLAY] [Main ] [svc] Stopping the background service.
[2026-03-18 11:38:38.848] [DISPLAY] [Main ] [launcher] SHUTDOWN_STOP_BACKGROUND_SERVICE -> SHUTDOWN_SDK
[2026-03-18 11:38:38.848] [DISPLAY] [Main ] [launcher] SHUTDOWN_SDK -> SHUTDOWN_PRESENCE
[2026-03-18 11:38:38.848] [DISPLAY] [Main ] [launcher] SHUTDOWN_PRESENCE -> SHUTDOWN_SUBSYSTEMS
[2026-03-18 11:38:38.848] [DISPLAY] [Main ] [launcher] SHUTDOWN_SUBSYSTEMS -> SHUTDOWN_IN_PROGRESS
[2026-03-18 11:38:38.848] [DISPLAY] [Main ] [launcher] Telemetry flushed
[2026-03-18 11:38:38.848] [WARNING] [Main ] [worker] Not adding job (15) due to thread exiting
[2026-03-18 11:38:39.766] [DISPLAY] [Main ] [launcher] Window destroyed
[2026-03-18 11:38:39.766] [DISPLAY] [Main ] [launcher] SDK ready for shutdown
[2026-03-18 11:38:39.766] [DISPLAY] [Main ] [launcher] Notifications cleared
[2026-03-18 11:38:39.766] [DISPLAY] [Main ] [launcher] No games running
[2026-03-18 11:38:39.766] [DISPLAY] [Main ] [launcher] Worker Threads shutdown
[2026-03-18 11:38:39.766] [DISPLAY] [Main ] [launcher] Title state flushed
[2026-03-18 11:38:39.766] [DISPLAY] [Main ] [launcher] Disk state flushed
[2026-03-18 11:38:39.766] [DISPLAY] [Main ] [launcher] Cached Requests cleared
[2026-03-18 11:38:39.766] [DISPLAY] [Main ] [launcher] Settings saved
[2026-03-18 11:38:39.766] [DISPLAY] [Main ] [launcher] Presence signed out
[2026-03-18 11:38:39.766] [DISPLAY] [Main ] [launcher] All subsystems have shut down
[2026-03-18 11:38:39.792] [DISPLAY] [Main ] [launcher] SHUTDOWN_IN_PROGRESS -> SHUTDOWN_COMPLETE
[2026-03-18 11:38:39.792] [DISPLAY] [Main ] [app] Application quit requested (exit code: 0)
[2026-03-18 11:38:39.792] [DISPLAY] [Main ] [launcher] SHUTDOWN_COMPLETE -> SHUTDOWN_EXITING
