[2026-03-18 11:30:33.252] [DISPLAY] [Main ] [fileutils] Checking version: C:\Program Files\Rockstar Games\Launcher\Launcher.exe
[2026-03-18 11:30:33.259] [DISPLAY] [Main ] [dx12] Retrieving D3D12 graphics info
[2026-03-18 11:30:33.632] [DISPLAY] [Main ] [launcher] Opening log file.
[2026-03-18 11:30:33.640] [DISPLAY] [Main ] [startupinfo] Command line: "C:\Program Files\Rockstar Games\Launcher\Launcher.exe" -skipPatcherCheck -steamAppId=1174180 -steamLocation "C:\Users\pavan\Steam\steamapps\common\Red Dead Redemption 2" @args.txt
[2026-03-18 11:30:33.640] [DISPLAY] [Main ] [startupinfo] P4 Version: 
[2026-03-18 11:30:33.640] [DISPLAY] [Main ] [startupinfo] RGL Branch: release_05
[2026-03-18 11:30:33.640] [DISPLAY] [Main ] [startupinfo] Version:    1.0.105.2733
[2026-03-18 11:30:33.640] [DISPLAY] [Main ] [startupinfo] Session ID: 6008ac01-3ad5-11c0-87fc-444bb3f669c2
[2026-03-18 11:30:33.640] [DISPLAY] [Main ] [startupinfo] Name Hash:  C9CF2546
[2026-03-18 11:30:33.640] [DISPLAY] [Main ] [startupinfo] Parameters:
[2026-03-18 11:30:33.640] [DISPLAY] [Main ] [startupinfo]     C:\Program Files\Rockstar Games\Launcher\Launcher.exe
[2026-03-18 11:30:33.640] [DISPLAY] [Main ] [startupinfo]     -skipPatcherCheck
[2026-03-18 11:30:33.640] [DISPLAY] [Main ] [startupinfo]     -steamAppId=1174180
[2026-03-18 11:30:33.640] [DISPLAY] [Main ] [startupinfo]     -steamLocation
[2026-03-18 11:30:33.640] [DISPLAY] [Main ] [startupinfo]     C:\Users\pavan\Steam\steamapps\common\Red Dead Redemption 2
[2026-03-18 11:30:33.640] [DISPLAY] [Main ] [startupinfo]     @args.txt
[2026-03-18 11:30:33.640] [DISPLAY] [Main ] [startup] Initial Working Directory: C:\Users\pavan\Steam\steamapps\common\Red Dead Redemption 2
[2026-03-18 11:30:33.640] [DISPLAY] [Main ] [startup] Working directory: C:\Program Files\Rockstar Games\Launcher
[2026-03-18 11:30:33.644] [DISPLAY] [Main ] [packfile] Initialize 'Launcher.rpf' - succeeded
[2026-03-18 11:30:33.644] [DISPLAY] [Main ] [localisation] Language updated to: 0
[2026-03-18 11:30:33.675] [DISPLAY] [Main ] [external] Creating Steam min mode launch
[2026-03-18 11:30:33.682] [DISPLAY] [Main ] [external] Steam App Id: 1174180
[2026-03-18 11:30:33.682] [DISPLAY] [Main ] [external] Steam Location: C:\Users\pavan\Steam\steamapps\common\Red Dead Redemption 2
[2026-03-18 11:30:33.683] [DISPLAY] [Main ] [metadatamanager] Read external Steam metadata: rdr2
[2026-03-18 11:30:33.683] [DISPLAY] [Main ] [external] App: rdr2
[2026-03-18 11:30:33.692] [DISPLAY] [Main ] [environment] SetEnvironment: prod
[2026-03-18 11:30:33.714] [ ERROR ] [Main ] [fileutils] Failed to delete directory: C:\Users\pavan\OneDrive\Documents\Rockstar Games\GTA V\User Music
[2026-03-18 11:30:33.714] [DISPLAY] [Main ] [subsystem] Init phase 1
[2026-03-18 11:30:33.714] [DISPLAY] [Main ] [fileutils] Checking version: C:\Program Files\Rockstar Games\Launcher\RockstarService.exe
[2026-03-18 11:30:33.716] [DISPLAY] [Main ] [svc] Service version: 1.0.105.2733 (1.0.105.2733)
[2026-03-18 11:30:33.716] [DISPLAY] [Main ] [svc] Starting service (attempt 1 / 3)...
[2026-03-18 11:30:33.726] [DISPLAY] [Main ] [titlestorage] Installed titles:
[2026-03-18 11:30:33.726] [DISPLAY] [Main ] [titlestorage]  Title                             Progress               Version              Location                                                    
[2026-03-18 11:30:33.741] [DISPLAY] [Main ] [fileutils] Checking version: C:\Program Files\Rockstar Games\Social Club\socialclub.dll
[2026-03-18 11:30:33.745] [DISPLAY] [Main ] [subsystem] Initializing group 0...
[2026-03-18 11:30:33.746] [DISPLAY] [Main ] [subsystem] Init phase 2
[2026-03-18 11:30:33.746] [DISPLAY] [Main ] [subsystem] Starting systems...
[2026-03-18 11:30:33.840] [DISPLAY] [Main ] [minmode] Overriding language from external game launch: en-US
[2026-03-18 11:30:33.840] [DISPLAY] [Main ] [localisation] Language updated to: 0
[2026-03-18 11:30:33.840] [DISPLAY] [Main ] [subsystem] Starting diag...
[2026-03-18 11:30:33.840] [DISPLAY] [Main ] [fileutils] Checking local versions...
[2026-03-18 11:30:33.840] [DISPLAY] [Main ] [fileutils] Checking version: C:\Program Files\Rockstar Games\Social Club\socialclub.dll
[2026-03-18 11:30:33.841] [DISPLAY] [Main ] [fileutils] Checking RGL version...
[2026-03-18 11:30:33.841] [DISPLAY] [Main ] [fileutils] Version: 2.4.0.146 | 1.0.105.2733 | FFP
[2026-03-18 11:30:33.841] [DISPLAY] [Main ] [subsystem] Starting net...
[2026-03-18 11:30:33.850] [DISPLAY] [Main ] [subsystem] Assigning pools...
[2026-03-18 11:30:33.850] [DISPLAY] [Main ] [subsystem] Initializing engine...
[2026-03-18 11:30:33.851] [DISPLAY] [Main ] [subsystem] Initializing group 1...
[2026-03-18 11:30:33.866] [DISPLAY] [Workr] [selfupdate] Up-to-date.
[2026-03-18 11:30:33.923] [DISPLAY] [bgsvc] [svc] Received response from service.
[2026-03-18 11:30:33.974] [DISPLAY] [Main ] [systemtray] System tray: enabled
[2026-03-18 11:30:33.996] [DISPLAY] [Main ] [launcher] Passed check: majorVersion(10.0.26200) >= 10
[2026-03-18 11:30:34.075] [DISPLAY] [http1] [idownloader] Starting download of 'https://gamedownloads-rockstargames-com.akamaized.net/public/launcher_online_config.xml'
[2026-03-18 11:30:34.125] [DISPLAY] [http1] [idownloader] Completed download of 'https://gamedownloads-rockstargames-com.akamaized.net/public/launcher_online_config.xml' (status: 0/200)
[2026-03-18 11:30:34.156] [DISPLAY] [Workr] [marketing_promo] No promotion manifest in memory, refreshing from cloud.
[2026-03-18 11:30:34.156] [DISPLAY] [Workr] [marketing_promo] Requesting new manifest
[2026-03-18 11:30:34.156] [DISPLAY] [Workr] [titlemanager] Downloading title list...
[2026-03-18 11:30:34.156] [DISPLAY] [Workr] [titlemanager] Downloading default title list (SCS)...
[2026-03-18 11:30:34.156] [DISPLAY] [Workr] [idownloader] Starting download of 'https://rgl-prod.ros.rockstargames.com/launcher/11/LauncherServices/App.asmx/GetDefaultApps?accessToken='
[2026-03-18 11:30:35.379] [DISPLAY] [Workr] [idownloader] Completed download of 'https://rgl-prod.ros.rockstargames.com/launcher/11/LauncherServices/App.asmx/GetDefaultApps?accessToken=' (status: 0/200)
[2026-03-18 11:30:35.380] [DISPLAY] [Workr] [services] Obtained NA-BAT
[2026-03-18 11:30:35.380] [DISPLAY] [Workr] [services] Parsed response from GetDefaultApps: 1 title(s), 1 branch(es)
[2026-03-18 11:30:35.380] [DISPLAY] [Workr] [titlemanager] Retrieved default title: launcher
[2026-03-18 11:30:35.380] [DISPLAY] [Workr] [titlemanager] Launcher tokens: BAT: false, NA-BAT: true
[2026-03-18 11:30:35.380] [DISPLAY] [Workr] [titlemanager] Title list updated.
[2026-03-18 11:30:35.380] [DISPLAY] [Workr] [launcher] Checking for self-update...
[2026-03-18 11:30:35.389] [DISPLAY] [Workr] [mergedmanifest] Using regular build for launcher
[2026-03-18 11:30:35.389] [DISPLAY] [Workr] [titleupdater] Doing chunk checks for launcher...
[2026-03-18 11:30:35.428] [DISPLAY] [Workr] [titleupdater] Checked 60 chunk(s), 0 were empty, skipped 0 chunk(s) and 0 file(s)
[2026-03-18 11:30:35.428] [DISPLAY] [Workr] [statuschecker] Title Rockstar Games Launcher: No update
[2026-03-18 11:30:35.432] [DISPLAY] [Workr] [launcher] No self-update, continuing.
[2026-03-18 11:30:35.437] [DISPLAY] [Workr] [launcher] Checking for prerequisite updates...
[2026-03-18 11:30:35.437] [DISPLAY] [Workr] [fileutils] Checking version: C:\Program Files\Rockstar Games\Social Club\socialclub.dll
[2026-03-18 11:30:35.438] [DISPLAY] [Workr] [fileutils] Checking version: C:\Program Files\Rockstar Games\Launcher\Redistributables\SocialClub\Social-Club-Setup.exe
[2026-03-18 11:30:35.442] [DISPLAY] [Workr] [preqmanager] The Social Club version available matches that currently installed (both: 2.4.0.146)
[2026-03-18 11:30:35.442] [DISPLAY] [Workr] [titleupdater] No prerequisites to install.
[2026-03-18 11:30:35.442] [DISPLAY] [Workr] [launcher] Checking minimum SDK requirement
[2026-03-18 11:30:35.442] [DISPLAY] [Workr] [fileutils] Checking version: C:\Program Files\Rockstar Games\Social Club\socialclub.dll
[2026-03-18 11:30:35.561] [DISPLAY] [Workr] [launcher] Completed Pre-initialization tasks
[2026-03-18 11:30:35.571] [DISPLAY] [Main ] [subsystem] Init phase 3
[2026-03-18 11:30:35.571] [DISPLAY] [Main ] [subsystem] RGL Offline Assets path: C:\Program Files\Rockstar Games\Launcher\offline.pak
[2026-03-18 11:30:35.571] [DISPLAY] [Main ] [subsystem] Intializing connection manager.
[2026-03-18 11:30:35.571] [DISPLAY] [Main ] [subsystem] Initializing RAGE networking.
[2026-03-18 11:30:35.715] [DISPLAY] [Main ] [subsystem] Initializing group 2...
[2026-03-18 11:30:35.892] [DISPLAY] [Workr] [dx12] Retrieving D3D12 graphics info
[2026-03-18 11:30:36.129] [DISPLAY] [Workr] [sysinfo] System Configuration: 
 CPU Info:
  ID: Intel64 Family 6 Model 186 Stepping 2
  Name: 13th Gen Intel(R) Core(TM) i7-13620H
  Clock Speed: 2.92 GHZ
  Physical Cores: 10
  Logical Cores: 16
  SSE 4.1: enabled
  SSE 4.2: enabled

 Disk 0 (C:\)
  Disk Type: NVMe
  Bytes Free: 384159240192
  Bytes Total: 992337006592

Memory Info:
 17179869184 B
 16 GB

 GPU 0
  Description: NVIDIA GeForce RTX 4060 Laptop GPU
  Capacity (Bytes): 8343519232
  Display Capacity: 8.0 GB

 GPU 1
  Description: Intel(R) UHD Graphics
  Capacity (Bytes): 4197184512
  Display Capacity: 4.0 GB
[2026-03-18 11:30:36.131] [DISPLAY] [Workr] [idownloader] Starting download of 'https://gamedownloads-rockstargames-com.akamaized.net/public/marketing.json'
[2026-03-18 11:30:36.332] [DISPLAY] [Workr] [idownloader] Completed download of 'https://gamedownloads-rockstargames-com.akamaized.net/public/marketing.json' (status: 0/200)
[2026-03-18 11:30:36.401] [DISPLAY] [Workr] [fileutils] Could not enumerate files in folder 'C:\Users\pavan\AppData\Local\Rockstar Games\Launcher\IconCache', path not found.
[2026-03-18 11:30:38.651] [DISPLAY] [Main ] [sysinfo] Identified device Type: 0
[2026-03-18 11:30:38.805] [DISPLAY] [Main ] [launcher] Social Club UI has started.
[2026-03-18 11:30:38.805] [DISPLAY] [Main ] [fileutils] Checking version: C:\Program Files\Rockstar Games\Social Club\socialclub.dll
[2026-03-18 11:30:38.806] [DISPLAY] [Admin] [external] Setting up steam title: rdr2
[2026-03-18 11:30:38.806] [DISPLAY] [Admin] [external] Successfully setup title
[2026-03-18 11:30:38.830] [DISPLAY] [Main ] [external] Client is ready to attempt a launch.
[2026-03-18 11:30:38.840] [DISPLAY] [Main ] [launcher] Time to start up: 5637 ms
[2026-03-18 11:30:38.854] [DISPLAY] [Main ] [systemtray] System tray: enabled
[2026-03-18 11:30:39.001] [DISPLAY] [Main ] [ui_window_controller] UiWindowController::SetContext: Invalid -> Auth
[2026-03-18 11:30:39.001] [DISPLAY] [Main ] [ui_window_controller] UiWindowController::SetState: Invalid -> WaitForBrowser
[2026-03-18 11:30:39.002] [DISPLAY] [Main ] [ui_window_controller] UiWindowController::SetState: WaitForBrowser -> WaitForWindow
[2026-03-18 11:30:41.880] [DISPLAY] [Main ] [ui_window_controller] UiWindowController::SetState: WaitForWindow -> Active
[2026-03-18 11:30:41.893] [DISPLAY] [Main ] [ui_window_controller] UiWindowController::SetState: Active -> WaitForBrowser
[2026-03-18 11:30:41.893] [DISPLAY] [Main ] [ui_window_controller] UiWindowController::SetState: WaitForBrowser -> WaitForWindow
[2026-03-18 11:30:41.893] [DISPLAY] [Main ] [ui_window_controller] UiWindowController::SetState: WaitForWindow -> Active
[2026-03-18 11:37:37.834] [ ERROR ] [Main ] [ui_window_controller] Auth window failed to load! Reason: 1
[2026-03-18 11:37:37.834] [DISPLAY] [Main ] [ui_window_controller] Restarting automatically in offline mode due to no internet
[2026-03-18 11:37:37.834] [DISPLAY] [Main ] [lifecycle] Setting to restart after exit.
[2026-03-18 11:37:37.834] [DISPLAY] [Main ] [lifecycle] Restart args: -skipPatcherCheck -steamAppId=1174180 -steamLocation "C:\Users\pavan\Steam\steamapps\common\Red Dead Redemption 2" @args.txt -user_restart -scOfflineOnly
[2026-03-18 11:37:37.834] [DISPLAY] [Main ] [launcher] Shutdown requested! Forced: false
[2026-03-18 11:37:37.840] [DISPLAY] [Main ] [launcher] StartShutdown - Now in progress
[2026-03-18 11:37:37.840] [DISPLAY] [Main ] [launcher] SHUTDOWN_REQUESTED -> SHUTDOWN_MAIN_WINDOW
[2026-03-18 11:37:37.843] [DISPLAY] [Main ] [launcher] SHUTDOWN_MAIN_WINDOW -> SHUTDOWN_STARTUP_WINDOW
[2026-03-18 11:37:37.843] [DISPLAY] [Main ] [launcher] SHUTDOWN_STARTUP_WINDOW -> SHUTDOWN_NOTIFICATION_MANAGER
[2026-03-18 11:37:37.843] [DISPLAY] [Main ] [launcher] SHUTDOWN_NOTIFICATION_MANAGER -> SHUTDOWN_GAME_LAUNCHER
[2026-03-18 11:37:37.843] [DISPLAY] [Main ] [launcher] SHUTDOWN_GAME_LAUNCHER -> SHUTDOWN_WINDOW_CONTROLLER
[2026-03-18 11:37:37.982] [DISPLAY] [Main ] [launcher] SHUTDOWN_WINDOW_CONTROLLER -> SHUTDOWN_STOP_WORKER_THREADS
[2026-03-18 11:37:37.984] [DISPLAY] [Main ] [launcher] SHUTDOWN_STOP_WORKER_THREADS -> SHUTDOWN_TITLES
[2026-03-18 11:37:37.984] [DISPLAY] [Main ] [launcher] SHUTDOWN_TITLES -> SHUTDOWN_DISK
[2026-03-18 11:37:37.984] [DISPLAY] [Main ] [launcher] SHUTDOWN_DISK -> SHUTDOWN_BACKGROUND_SERVICE
[2026-03-18 11:37:37.984] [DISPLAY] [Main ] [launcher] SHUTDOWN_BACKGROUND_SERVICE -> SHUTDOWN_TELEMETRY
[2026-03-18 11:37:37.984] [DISPLAY] [Main ] [launcher] SHUTDOWN_TELEMETRY -> SHUTDOWN_CACHED_REQUEST_MANAGER
[2026-03-18 11:37:37.984] [DISPLAY] [Main ] [launcher] SHUTDOWN_CACHED_REQUEST_MANAGER -> SHUTDOWN_SETTINGS_MANAGER
[2026-03-18 11:37:37.984] [DISPLAY] [Main ] [launcher] SHUTDOWN_SETTINGS_MANAGER -> SHUTDOWN_STOP_BACKGROUND_SERVICE
[2026-03-18 11:37:37.984] [DISPLAY] [Main ] [svc] Stopping the background service.
[2026-03-18 11:37:37.984] [DISPLAY] [Main ] [launcher] SHUTDOWN_STOP_BACKGROUND_SERVICE -> SHUTDOWN_SDK
[2026-03-18 11:37:37.984] [DISPLAY] [Main ] [launcher] SHUTDOWN_SDK -> SHUTDOWN_PRESENCE
[2026-03-18 11:37:37.984] [DISPLAY] [Main ] [launcher] SHUTDOWN_PRESENCE -> SHUTDOWN_SUBSYSTEMS
[2026-03-18 11:37:37.984] [DISPLAY] [Main ] [launcher] SHUTDOWN_SUBSYSTEMS -> SHUTDOWN_IN_PROGRESS
[2026-03-18 11:37:37.984] [DISPLAY] [Main ] [launcher] Telemetry flushed
[2026-03-18 11:37:39.559] [DISPLAY] [Main ] [launcher] Window destroyed
[2026-03-18 11:37:39.559] [DISPLAY] [Main ] [launcher] SDK ready for shutdown
[2026-03-18 11:37:39.559] [DISPLAY] [Main ] [launcher] Notifications cleared
[2026-03-18 11:37:39.559] [DISPLAY] [Main ] [launcher] No games running
[2026-03-18 11:37:39.559] [DISPLAY] [Main ] [launcher] Worker Threads shutdown
[2026-03-18 11:37:39.559] [DISPLAY] [Main ] [launcher] Title state flushed
[2026-03-18 11:37:39.559] [DISPLAY] [Main ] [launcher] Disk state flushed
[2026-03-18 11:37:39.559] [DISPLAY] [Main ] [launcher] Cached Requests cleared
[2026-03-18 11:37:39.559] [DISPLAY] [Main ] [launcher] Settings saved
[2026-03-18 11:37:39.559] [DISPLAY] [Main ] [launcher] Presence signed out
[2026-03-18 11:37:39.559] [DISPLAY] [Main ] [launcher] All subsystems have shut down
[2026-03-18 11:37:39.664] [DISPLAY] [Main ] [launcher] SHUTDOWN_IN_PROGRESS -> SHUTDOWN_COMPLETE
[2026-03-18 11:37:39.664] [DISPLAY] [Main ] [app] Application quit requested (exit code: 0)
[2026-03-18 11:37:39.664] [DISPLAY] [Main ] [launcher] SHUTDOWN_COMPLETE -> SHUTDOWN_EXITING
[2026-03-18 11:37:39.712] [DISPLAY] [Main ] [svc] Stopping the background service.
