[2025-06-14 13:34:01.324] [DISPLAY] [Main ] [fileutils] Checking version: C:\Program Files\Rockstar Games\Launcher\Launcher.exe
[2025-06-14 13:34:01.760] [DISPLAY] [Main ] [dx12] Retrieving D3D12 graphics info
[2025-06-14 13:34:02.288] [DISPLAY] [Main ] [launcher] Opening log file.
[2025-06-14 13:34:02.296] [DISPLAY] [Main ] [main] Command line: "C:\Program Files\Rockstar Games\Launcher\Launcher.exe" -skipPatcherCheck -steamAppId=271590 -steamLocation "C:\Users\pavan\Steam\steamapps\common\Grand Theft Auto V" @args.txt
[2025-06-14 13:34:02.296] [DISPLAY] [Main ] [main] P4 Version: 
[2025-06-14 13:34:02.296] [DISPLAY] [Main ] [main] RGL Branch: release_02
[2025-06-14 13:34:02.296] [DISPLAY] [Main ] [main] Version: 1.0.102.2459
[2025-06-14 13:34:02.296] [DISPLAY] [Main ] [main] Parameters:
[2025-06-14 13:34:02.296] [DISPLAY] [Main ] [main]     C:\Program Files\Rockstar Games\Launcher\Launcher.exe
[2025-06-14 13:34:02.296] [DISPLAY] [Main ] [main]     -skipPatcherCheck
[2025-06-14 13:34:02.296] [DISPLAY] [Main ] [main]     -steamAppId=271590
[2025-06-14 13:34:02.296] [DISPLAY] [Main ] [main]     -steamLocation
[2025-06-14 13:34:02.296] [DISPLAY] [Main ] [main]     C:\Users\pavan\Steam\steamapps\common\Grand Theft Auto V
[2025-06-14 13:34:02.296] [DISPLAY] [Main ] [main]     @args.txt
[2025-06-14 13:34:02.296] [DISPLAY] [Main ] [main] Initial Working Directory: C:\Users\pavan\Steam\steamapps\common\Grand Theft Auto V
[2025-06-14 13:34:02.296] [DISPLAY] [Main ] [main] Working directory: C:\Program Files\Rockstar Games\Launcher
[2025-06-14 13:34:02.311] [DISPLAY] [Main ] [packfile] Initialize 'Launcher.rpf' - succeeded
[2025-06-14 13:34:02.312] [DISPLAY] [Main ] [localisation] Language updated to: 0
[2025-06-14 13:34:02.332] [DISPLAY] [Main ] [environment] SetEnvironment: prod
[2025-06-14 13:34:02.364] [DISPLAY] [Main ] [external] Creating Steam min mode launch
[2025-06-14 13:34:02.376] [DISPLAY] [Main ] [external] Steam App Id: 271590
[2025-06-14 13:34:02.376] [DISPLAY] [Main ] [external] Steam Location: C:\Users\pavan\Steam\steamapps\common\Grand Theft Auto V
[2025-06-14 13:34:02.378] [DISPLAY] [Main ] [metadatamanager] Read external Steam metadata: gta5
[2025-06-14 13:34:02.378] [DISPLAY] [Main ] [external] App: gta5
[2025-06-14 13:34:02.401] [ ERROR ] [Main ] [fileutils] Failed to delete directory: C:\Users\pavan\OneDrive\Documents\Rockstar Games\GTA V\User Music
[2025-06-14 13:34:02.401] [DISPLAY] [Main ] [subsystem] Init phase 1
[2025-06-14 13:34:02.405] [DISPLAY] [Main ] [titlestorage] Installed titles:
[2025-06-14 13:34:02.405] [DISPLAY] [Main ] [titlestorage]  Title                             Progress               Version              Location                                                    
[2025-06-14 13:34:02.423] [DISPLAY] [Main ] [fileutils] Checking version: C:\Program Files\Rockstar Games\Social Club\socialclub.dll
[2025-06-14 13:34:02.432] [DISPLAY] [Main ] [fileutils] Checking version: C:\Program Files\Rockstar Games\Launcher\RockstarService.exe
[2025-06-14 13:34:02.436] [DISPLAY] [Main ] [svc] Service version: 1.0.102.2459 (1.0.102.2459)
[2025-06-14 13:34:02.487] [DISPLAY] [Main ] [subsystem] Initializing group 0...
[2025-06-14 13:34:02.487] [DISPLAY] [Main ] [subsystem] Init phase 2
[2025-06-14 13:34:02.487] [DISPLAY] [Main ] [subsystem] Starting systems...
[2025-06-14 13:34:02.664] [DISPLAY] [Main ] [minmode] Overriding language from external game launch: en-US
[2025-06-14 13:34:02.664] [DISPLAY] [Main ] [localisation] Language updated to: 0
[2025-06-14 13:34:02.665] [DISPLAY] [Main ] [subsystem] Starting diag...
[2025-06-14 13:34:02.665] [DISPLAY] [Main ] [fileutils] Checking local versions...
[2025-06-14 13:34:02.665] [DISPLAY] [Main ] [fileutils] Checking version: C:\Program Files\Rockstar Games\Social Club\socialclub.dll
[2025-06-14 13:34:02.667] [DISPLAY] [Main ] [fileutils] Checking RGL version...
[2025-06-14 13:34:02.667] [DISPLAY] [Main ] [fileutils] Version: 2.4.0.77 | 1.0.102.2459 | FFP
[2025-06-14 13:34:02.667] [DISPLAY] [Main ] [subsystem] Starting net...
[2025-06-14 13:34:02.699] [DISPLAY] [Main ] [subsystem] Assigning pools...
[2025-06-14 13:34:02.699] [DISPLAY] [Main ] [subsystem] Initializing engine...
[2025-06-14 13:34:02.702] [DISPLAY] [Main ] [subsystem] Initializing group 1...
[2025-06-14 13:34:02.741] [DISPLAY] [Workr] [selfupdate] Up-to-date.
[2025-06-14 13:34:03.070] [DISPLAY] [Main ] [systemtray] System tray: enabled
[2025-06-14 13:34:03.102] [DISPLAY] [Main ] [launcher] Passed check: majorVersion(10.0.26100) >= 10
[2025-06-14 13:34:03.561] [DISPLAY] [bgsvc] [svc] Received response from service.
[2025-06-14 13:34:03.592] [DISPLAY] [Workr] [idownloader] Starting download of 'https://gamedownloads-rockstargames-com.akamaized.net/public/launcher_online_config.xml'
[2025-06-14 13:34:03.689] [DISPLAY] [Workr] [idownloader] Completed download of 'https://gamedownloads-rockstargames-com.akamaized.net/public/launcher_online_config.xml' (status: 0/200)
[2025-06-14 13:34:03.689] [DISPLAY] [Workr] [titlemanager] Downloading title list...
[2025-06-14 13:34:03.689] [DISPLAY] [Workr] [titlemanager] Downloading default title list (SCS)...
[2025-06-14 13:34:03.689] [DISPLAY] [Workr] [idownloader] Starting download of 'https://rgl-prod.ros.rockstargames.com/launcher/11/LauncherServices/App.asmx/GetDefaultApps?accessToken='
[2025-06-14 13:34:04.873] [DISPLAY] [Workr] [idownloader] Completed download of 'https://rgl-prod.ros.rockstargames.com/launcher/11/LauncherServices/App.asmx/GetDefaultApps?accessToken=' (status: 0/200)
[2025-06-14 13:34:04.874] [DISPLAY] [Workr] [titlemanager] Title list updated.
[2025-06-14 13:34:04.874] [DISPLAY] [Workr] [launcher] Checking for self-update...
[2025-06-14 13:34:04.886] [DISPLAY] [Workr] [titleupdater] Doing chunk checks for launcher...
[2025-06-14 13:34:04.933] [DISPLAY] [Workr] [titleupdater] Checked 60 chunk(s), 0 were empty, skipped 0 chunk(s) and 0 file(s)
[2025-06-14 13:34:04.934] [DISPLAY] [Workr] [statuschecker] Title Rockstar Games Launcher: No update
[2025-06-14 13:34:04.941] [DISPLAY] [Workr] [launcher] No self-update, continuing.
[2025-06-14 13:34:04.941] [DISPLAY] [Workr] [launcher] Checking for prerequisite updates...
[2025-06-14 13:34:04.941] [DISPLAY] [Workr] [fileutils] Checking version: C:\Program Files\Rockstar Games\Social Club\socialclub.dll
[2025-06-14 13:34:04.941] [DISPLAY] [Workr] [fileutils] Checking version: C:\Program Files\Rockstar Games\Launcher\Redistributables\SocialClub\Social-Club-Setup.exe
[2025-06-14 13:34:04.946] [DISPLAY] [Workr] [preqmanager] The Social Club version available matches that currently installed (both: 2.4.0.77)
[2025-06-14 13:34:04.946] [DISPLAY] [Workr] [titleupdater] No prerequisites to install.
[2025-06-14 13:34:04.946] [DISPLAY] [Workr] [launcher] Checking minimum SDK requirement
[2025-06-14 13:34:04.946] [DISPLAY] [Workr] [fileutils] Checking version: C:\Program Files\Rockstar Games\Social Club\socialclub.dll
[2025-06-14 13:34:05.025] [DISPLAY] [Workr] [launcher] Completed Social Club Pre-initialization tasks
[2025-06-14 13:34:05.042] [DISPLAY] [Main ] [subsystem] Init phase 3
[2025-06-14 13:34:05.314] [DISPLAY] [Main ] [subsystem] Initializing group 2...
[2025-06-14 13:34:06.165] [DISPLAY] [Workr] [dx12] Retrieving D3D12 graphics info
[2025-06-14 13:34:07.568] [DISPLAY] [Main ] [launcher] Social Club UI has started.
[2025-06-14 13:34:07.568] [DISPLAY] [Main ] [fileutils] Checking version: C:\Program Files\Rockstar Games\Social Club\socialclub.dll
[2025-06-14 13:34:07.570] [DISPLAY] [Admin] [external] Setting up steam title: gta5
[2025-06-14 13:34:07.570] [DISPLAY] [Admin] [external] Successfully setup title
[2025-06-14 13:34:07.585] [DISPLAY] [Main ] [external] Client is ready to attempt a launch.
[2025-06-14 13:34:07.585] [DISPLAY] [Main ] [external] Frontend is ready to launch the title
[2025-06-14 13:34:08.169] [DISPLAY] [Main ] [launcher] Time to start up: 6919 ms
[2025-06-14 13:34:08.187] [DISPLAY] [Main ] [systemtray] System tray: enabled
[2025-06-14 13:34:08.259] [DISPLAY] [Main ] [ui_window_controller] UiWindowController::SetContext: Invalid -> Auth
[2025-06-14 13:34:08.259] [DISPLAY] [Main ] [ui_window_controller] UiWindowController::SetState: Invalid -> WaitForBrowser
[2025-06-14 13:34:08.352] [DISPLAY] [Main ] [ui_window_controller] UiWindowController::SetState: WaitForBrowser -> WaitForWindow
[2025-06-14 13:34:10.625] [DISPLAY] [Main ] [ui_window_controller] UiWindowController::SetState: WaitForWindow -> Active
[2025-06-14 13:34:11.601] [DISPLAY] [Main ] [ui_window_controller] UiWindowController::SetState: Active -> WaitForBrowser
[2025-06-14 13:34:11.601] [DISPLAY] [Main ] [ui_window_controller] UiWindowController::SetState: WaitForBrowser -> WaitForWindow
[2025-06-14 13:34:11.601] [DISPLAY] [Main ] [ui_window_controller] UiWindowController::SetState: WaitForWindow -> Active
[2025-06-14 13:34:16.302] [DISPLAY] [Main ] [ui_window_controller] UiWindowController::SetContext: Auth -> MainWindow
[2025-06-14 13:34:16.302] [DISPLAY] [Main ] [ui_window_controller] UiWindowController::SetState: Active -> WaitForBrowser
[2025-06-14 13:34:16.332] [DISPLAY] [Main ] [ui_mainwindow] Using DPI 120,120
[2025-06-14 13:34:16.332] [DISPLAY] [Main ] [ui_mainwindow] Using UI Scale: 1.25
[2025-06-14 13:34:16.334] [DISPLAY] [Main ] [ui_mainwindow] Using saved geometry: 160,135 (1600 x 750)
[2025-06-14 13:34:16.365] [DISPLAY] [Main ] [launcher] Presence Event - Signed In
[2025-06-14 13:34:16.365] [DISPLAY] [Main ] [launcher] User 'srujanchandra' is now signed in
[2025-06-14 13:34:16.380] [DISPLAY] [Main ] [launcher] Presence Event :: Went Online
[2025-06-14 13:34:16.380] [DISPLAY] [Admin] [titlemanager] Downloading title list...
[2025-06-14 13:34:16.381] [DISPLAY] [Main ] [ui_window_controller] UiWindowController::SetState: WaitForBrowser -> WaitForWindow
[2025-06-14 13:34:16.381] [DISPLAY] [Main ] [ui_window_controller] UiWindowController::SetState: WaitForWindow -> Active
[2025-06-14 13:34:16.382] [DISPLAY] [Admin] [titlemanager] Downloading title list (SCS)...
[2025-06-14 13:34:16.701] [DISPLAY] [Main ] [scuicallbacks] Enabling Downloading
[2025-06-14 13:34:16.752] [DISPLAY] [Main ] [launcher] Friend Event - Friends are Available
[2025-06-14 13:34:16.906] [DISPLAY] [Main ] [scuicallbacks] Setting updated
[2025-06-14 13:34:16.906] [DISPLAY] [Main ] [scuicallbacks] Launch requested by user: gta5, default
[2025-06-14 13:34:16.906] [DISPLAY] [Main ] [external] Frontend is ready to launch the title
[2025-06-14 13:34:16.906] [DISPLAY] [Main ] [external] Attempting external title launch...
[2025-06-14 13:34:17.964] [DISPLAY] [Admin] [titlemanager] Title list updated.
[2025-06-14 13:34:17.967] [DISPLAY] [Admin] [external] Attempting Steam launch. User is 'srujanchandra6369'
[2025-06-14 13:34:20.873] [DISPLAY] [Main ] [gamelaunch] Begin game launch: gta5
[2025-06-14 13:34:20.873] [DISPLAY] [Main ] [gamelaunch] Flags: 11
[2025-06-14 13:34:20.873] [DISPLAY] [Main ] [gamelaunch] Path: C:\Users\pavan\Steam\steamapps\common\Grand Theft Auto V
[2025-06-14 13:34:20.886] [DISPLAY] [Main ] [telemetrymanager] Secondary platform is set to: 2
[2025-06-14 13:34:20.903] [DISPLAY] [ 2580] [gamelaunch] Launch Folder: C:\Users\pavan\Steam\steamapps\common\Grand Theft Auto V
[2025-06-14 13:34:20.903] [DISPLAY] [ 2580] [gamelaunch] Launch Path: C:\Users\pavan\Steam\steamapps\common\Grand Theft Auto V\GTA5.exe
[2025-06-14 13:34:20.903] [DISPLAY] [ 2580] [fileutils] Checking version: C:\Users\pavan\Steam\steamapps\common\Grand Theft Auto V\GTA5.exe
[2025-06-14 13:34:20.920] [DISPLAY] [ 2580] [gamelaunch] RGL is up to date (current: 1.0.102.2459, minimum: 1.0.97.2200)
[2025-06-14 13:34:20.920] [DISPLAY] [ 2580] [fileutils] Checking version: C:\Users\pavan\Steam\steamapps\common\Grand Theft Auto V\GTA5.exe
[2025-06-14 13:34:20.922] [DISPLAY] [ 2580] [gamelaunch] Grand Theft Auto V Legacy is up to date (current: 1.0.3521.0, minimum: 1.0.3351.0)
[2025-06-14 13:34:20.922] [DISPLAY] [ 2580] [fileutils] Checking version: C:\Program Files\Rockstar Games\Social Club\socialclub.dll
[2025-06-14 13:34:23.207] [DISPLAY] [Admin] [titlemanager] Downloading title list...
[2025-06-14 13:34:23.207] [DISPLAY] [Admin] [titlemanager] Downloading title list (SCS)...
[2025-06-14 13:34:26.761] [DISPLAY] [Admin] [titlemanager] Title list updated.
[2025-06-14 13:34:28.646] [DISPLAY] [Main ] [cloudsaveop] Cloud Save sync requested for app 'gta5'
[2025-06-14 13:34:28.662] [DISPLAY] [Main ] [cloudsaveop] Starting cloud save enabled check for app 'gta5'
[2025-06-14 13:34:28.668] [DISPLAY] [Main ] [cloudsaveop] Received cloud saves enabled state for app 'gta5' = disabled
[2025-06-14 13:34:28.668] [DISPLAY] [Main ] [cloudsaveop] Finished syncing cloud saves for app 'gta5'
[2025-06-14 13:34:29.402] [DISPLAY] [net2 ] [audio] Valid Audio Device: true
[2025-06-14 13:34:32.087] [DISPLAY] [ 2580] [gamelaunch] Launching game...
[2025-06-14 13:34:32.087] [DISPLAY] [ 2580] [gamelaunch]  Path: C:\Users\pavan\Steam\steamapps\common\Grand Theft Auto V\GTA5_BE.exe
[2025-06-14 13:34:32.087] [DISPLAY] [ 2580] [gamelaunch]  Command Line: "C:\Users\pavan\Steam\steamapps\common\Grand Theft Auto V\GTA5_BE.exe" -skipPatcherCheck -steamLocation "C:\Users\pavan\Steam\steamapps\common\Grand Theft Auto V" @args.txt -enableCrashpad -useSteam -steamAppId=271590 -scCommerceProvider=4 @commandline.txt -fromRGL -scDiscordClientId=356876176465199104 -rglLanguage=en-US
[2025-06-14 13:34:32.087] [DISPLAY] [ 2580] [gamelaunch]  Working Directory: C:\Users\pavan\Steam\steamapps\common\Grand Theft Auto V
[2025-06-14 14:34:03.693] [DISPLAY] [Admin] [idownloader] Starting download of 'https://gamedownloads-rockstargames-com.akamaized.net/public/launcher_online_config.xml'
[2025-06-14 14:34:03.927] [DISPLAY] [Admin] [idownloader] Completed download of 'https://gamedownloads-rockstargames-com.akamaized.net/public/launcher_online_config.xml' (status: 0/200)
[2025-06-14 15:22:46.710] [DISPLAY] [ 2580] [gamelaunch] Game exited with code 0x0 (0)
[2025-06-14 15:22:46.752] [DISPLAY] [ 2580] [crashdetection] Game left no exit file.
[2025-06-14 15:22:46.752] [DISPLAY] [ 2580] [crashdetection] Exit code 0x0 indicates a clean game shutdown
[2025-06-14 15:22:46.766] [DISPLAY] [Main ] [cloudsaveop] Cloud Save sync requested for app 'gta5'
[2025-06-14 15:22:46.783] [DISPLAY] [Main ] [cloudsaveop] Starting cloud save enabled check for app 'gta5'
[2025-06-14 15:22:46.800] [DISPLAY] [Main ] [cloudsaveop] Received cloud saves enabled state for app 'gta5' = disabled
[2025-06-14 15:22:46.801] [DISPLAY] [Main ] [cloudsaveop] Finished syncing cloud saves for app 'gta5'
[2025-06-14 15:22:48.098] [DISPLAY] [ 2580] [launcher] Shutdown requested! Forced: false
[2025-06-14 15:22:48.121] [DISPLAY] [Main ] [launcher] StartShutdown - Now in progress
[2025-06-14 15:22:48.241] [WARNING] [Main ] [worker] Not adding job (5) due to thread exiting
[2025-06-14 15:22:49.794] [DISPLAY] [Main ] [app] Application quit requested (exit code: 0)
[2025-06-14 15:22:49.870] [DISPLAY] [Main ] [svc] Stopping the background service.
